[2024-02-06T01:23:46.194+0000] {taskinstance.py:1956} INFO - Dependencies all met for dep_context=non-requeueable deps ti=<TaskInstance: poke_dag.print_random_quote manual__2024-02-06T01:23:35.820461+00:00 [queued]>
[2024-02-06T01:23:46.208+0000] {taskinstance.py:1956} INFO - Dependencies all met for dep_context=requeueable deps ti=<TaskInstance: poke_dag.print_random_quote manual__2024-02-06T01:23:35.820461+00:00 [queued]>
[2024-02-06T01:23:46.208+0000] {taskinstance.py:2170} INFO - Starting attempt 1 of 1
[2024-02-06T01:23:46.241+0000] {taskinstance.py:2191} INFO - Executing <Task(PythonOperator): print_random_quote> on 2024-02-06 01:23:35.820461+00:00
[2024-02-06T01:23:46.245+0000] {standard_task_runner.py:60} INFO - Started process 705 to run task
[2024-02-06T01:23:46.246+0000] {standard_task_runner.py:87} INFO - Running: ['airflow', 'tasks', 'run', 'poke_dag', 'print_random_quote', 'manual__2024-02-06T01:23:35.820461+00:00', '--job-id', '46', '--raw', '--subdir', 'DAGS_FOLDER/poke_dag.py', '--cfg-path', '/tmp/tmpigecwh5_']
[2024-02-06T01:23:46.248+0000] {standard_task_runner.py:88} INFO - Job 46: Subtask print_random_quote
[2024-02-06T01:23:46.331+0000] {task_command.py:423} INFO - Running <TaskInstance: poke_dag.print_random_quote manual__2024-02-06T01:23:35.820461+00:00 [running]> on host 86f40dfcaade
[2024-02-06T01:23:46.452+0000] {taskinstance.py:2480} INFO - Exporting env vars: AIRFLOW_CTX_DAG_OWNER='airflow' AIRFLOW_CTX_DAG_ID='poke_dag' AIRFLOW_CTX_TASK_ID='print_random_quote' AIRFLOW_CTX_EXECUTION_DATE='2024-02-06T01:23:35.820461+00:00' AIRFLOW_CTX_TRY_NUMBER='1' AIRFLOW_CTX_DAG_RUN_ID='manual__2024-02-06T01:23:35.820461+00:00'
[2024-02-06T01:23:46.805+0000] {logging_mixin.py:188} INFO - Pokemon Name: pikachu
[2024-02-06T01:23:46.806+0000] {logging_mixin.py:188} INFO - Pokemon Order: 35
[2024-02-06T01:23:46.806+0000] {logging_mixin.py:188} INFO - Abilities:
[2024-02-06T01:23:46.807+0000] {logging_mixin.py:188} INFO - - static
[2024-02-06T01:23:46.807+0000] {logging_mixin.py:188} INFO - - lightning-rod
[2024-02-06T01:23:46.808+0000] {logging_mixin.py:188} INFO - Types:
[2024-02-06T01:23:46.808+0000] {logging_mixin.py:188} INFO - -electric
[2024-02-06T01:23:46.808+0000] {logging_mixin.py:188} INFO - Error: 200
[2024-02-06T01:23:46.810+0000] {python.py:201} INFO - Done. Returned value was: None
[2024-02-06T01:23:46.824+0000] {taskinstance.py:1138} INFO - Marking task as SUCCESS. dag_id=poke_dag, task_id=print_random_quote, execution_date=20240206T012335, start_date=20240206T012346, end_date=20240206T012346
[2024-02-06T01:23:46.861+0000] {local_task_job_runner.py:234} INFO - Task exited with return code 0
[2024-02-06T01:23:46.881+0000] {taskinstance.py:3280} INFO - 0 downstream tasks scheduled from follow-on schedule check
