[2024-02-06T01:31:06.480+0000] {taskinstance.py:1956} INFO - Dependencies all met for dep_context=non-requeueable deps ti=<TaskInstance: poke_dag.print_random_quote manual__2024-02-06T01:30:54.910486+00:00 [queued]>
[2024-02-06T01:31:06.499+0000] {taskinstance.py:1956} INFO - Dependencies all met for dep_context=requeueable deps ti=<TaskInstance: poke_dag.print_random_quote manual__2024-02-06T01:30:54.910486+00:00 [queued]>
[2024-02-06T01:31:06.499+0000] {taskinstance.py:2170} INFO - Starting attempt 1 of 1
[2024-02-06T01:31:06.546+0000] {taskinstance.py:2191} INFO - Executing <Task(PythonOperator): print_random_quote> on 2024-02-06 01:30:54.910486+00:00
[2024-02-06T01:31:06.550+0000] {standard_task_runner.py:60} INFO - Started process 777 to run task
[2024-02-06T01:31:06.552+0000] {standard_task_runner.py:87} INFO - Running: ['airflow', 'tasks', 'run', 'poke_dag', 'print_random_quote', 'manual__2024-02-06T01:30:54.910486+00:00', '--job-id', '49', '--raw', '--subdir', 'DAGS_FOLDER/poke_dag.py', '--cfg-path', '/tmp/tmp98sdz85p']
[2024-02-06T01:31:06.554+0000] {standard_task_runner.py:88} INFO - Job 49: Subtask print_random_quote
[2024-02-06T01:31:06.643+0000] {task_command.py:423} INFO - Running <TaskInstance: poke_dag.print_random_quote manual__2024-02-06T01:30:54.910486+00:00 [running]> on host 86f40dfcaade
[2024-02-06T01:31:06.793+0000] {taskinstance.py:2480} INFO - Exporting env vars: AIRFLOW_CTX_DAG_OWNER='airflow' AIRFLOW_CTX_DAG_ID='poke_dag' AIRFLOW_CTX_TASK_ID='print_random_quote' AIRFLOW_CTX_EXECUTION_DATE='2024-02-06T01:30:54.910486+00:00' AIRFLOW_CTX_TRY_NUMBER='1' AIRFLOW_CTX_DAG_RUN_ID='manual__2024-02-06T01:30:54.910486+00:00'
[2024-02-06T01:31:07.037+0000] {logging_mixin.py:188} INFO - Pokemon Name: rhyhorn
[2024-02-06T01:31:07.038+0000] {logging_mixin.py:188} INFO - Pokemon Order: 176
[2024-02-06T01:31:07.039+0000] {logging_mixin.py:188} INFO - Abilities:
[2024-02-06T01:31:07.040+0000] {logging_mixin.py:188} INFO - - lightning-rod
[2024-02-06T01:31:07.040+0000] {logging_mixin.py:188} INFO - - rock-head
[2024-02-06T01:31:07.041+0000] {logging_mixin.py:188} INFO - - reckless
[2024-02-06T01:31:07.042+0000] {logging_mixin.py:188} INFO - Types:
[2024-02-06T01:31:07.042+0000] {logging_mixin.py:188} INFO - -ground
[2024-02-06T01:31:07.043+0000] {logging_mixin.py:188} INFO - -rock
[2024-02-06T01:31:07.043+0000] {logging_mixin.py:188} INFO - Error: 200
[2024-02-06T01:31:07.045+0000] {python.py:201} INFO - Done. Returned value was: None
[2024-02-06T01:31:07.059+0000] {taskinstance.py:1138} INFO - Marking task as SUCCESS. dag_id=poke_dag, task_id=print_random_quote, execution_date=20240206T013054, start_date=20240206T013106, end_date=20240206T013107
[2024-02-06T01:31:07.128+0000] {local_task_job_runner.py:234} INFO - Task exited with return code 0
[2024-02-06T01:31:07.153+0000] {taskinstance.py:3280} INFO - 0 downstream tasks scheduled from follow-on schedule check
