[2024-02-05T22:52:03.281+0000] {processor.py:161} INFO - Started process (PID=70) to work on /opt/airflow/dags/git_repo_dag.py
[2024-02-05T22:52:03.282+0000] {processor.py:830} INFO - Processing file /opt/airflow/dags/git_repo_dag.py for tasks to queue
[2024-02-05T22:52:03.284+0000] {logging_mixin.py:188} INFO - [2024-02-05T22:52:03.283+0000] {dagbag.py:538} INFO - Filling up the DagBag from /opt/airflow/dags/git_repo_dag.py
[2024-02-05T22:52:03.317+0000] {processor.py:840} INFO - DAG(s) 'git_repo_dag' retrieved from /opt/airflow/dags/git_repo_dag.py
[2024-02-05T22:52:03.334+0000] {logging_mixin.py:188} INFO - [2024-02-05T22:52:03.333+0000] {dag.py:3036} INFO - Sync 1 DAGs
[2024-02-05T22:52:03.370+0000] {logging_mixin.py:188} INFO - [2024-02-05T22:52:03.370+0000] {dag.py:3823} INFO - Setting next_dagrun for git_repo_dag to 2024-02-04 21:00:00+00:00, run_after=2024-02-05 21:00:00+00:00
[2024-02-05T22:52:03.455+0000] {processor.py:183} INFO - Processing /opt/airflow/dags/git_repo_dag.py took 0.179 seconds
[2024-02-05T22:52:39.501+0000] {processor.py:161} INFO - Started process (PID=117) to work on /opt/airflow/dags/git_repo_dag.py
[2024-02-05T22:52:39.502+0000] {processor.py:830} INFO - Processing file /opt/airflow/dags/git_repo_dag.py for tasks to queue
[2024-02-05T22:52:39.503+0000] {logging_mixin.py:188} INFO - [2024-02-05T22:52:39.503+0000] {dagbag.py:538} INFO - Filling up the DagBag from /opt/airflow/dags/git_repo_dag.py
[2024-02-05T22:52:39.528+0000] {processor.py:840} INFO - DAG(s) 'git_repo_dag' retrieved from /opt/airflow/dags/git_repo_dag.py
[2024-02-05T22:52:39.662+0000] {logging_mixin.py:188} INFO - [2024-02-05T22:52:39.661+0000] {dag.py:3036} INFO - Sync 1 DAGs
[2024-02-05T22:52:39.686+0000] {logging_mixin.py:188} INFO - [2024-02-05T22:52:39.686+0000] {dag.py:3823} INFO - Setting next_dagrun for git_repo_dag to 2024-02-05 21:00:00+00:00, run_after=2024-02-06 21:00:00+00:00
[2024-02-05T22:52:39.750+0000] {processor.py:183} INFO - Processing /opt/airflow/dags/git_repo_dag.py took 0.251 seconds
[2024-02-05T22:53:10.171+0000] {processor.py:161} INFO - Started process (PID=119) to work on /opt/airflow/dags/git_repo_dag.py
[2024-02-05T22:53:10.172+0000] {processor.py:830} INFO - Processing file /opt/airflow/dags/git_repo_dag.py for tasks to queue
[2024-02-05T22:53:10.173+0000] {logging_mixin.py:188} INFO - [2024-02-05T22:53:10.172+0000] {dagbag.py:538} INFO - Filling up the DagBag from /opt/airflow/dags/git_repo_dag.py
[2024-02-05T22:53:10.198+0000] {processor.py:840} INFO - DAG(s) 'git_repo_dag' retrieved from /opt/airflow/dags/git_repo_dag.py
[2024-02-05T22:53:10.231+0000] {logging_mixin.py:188} INFO - [2024-02-05T22:53:10.231+0000] {dag.py:3036} INFO - Sync 1 DAGs
[2024-02-05T22:53:10.261+0000] {logging_mixin.py:188} INFO - [2024-02-05T22:53:10.261+0000] {dag.py:3823} INFO - Setting next_dagrun for git_repo_dag to 2024-02-05 21:00:00+00:00, run_after=2024-02-06 21:00:00+00:00
[2024-02-05T22:53:10.331+0000] {processor.py:183} INFO - Processing /opt/airflow/dags/git_repo_dag.py took 0.162 seconds
[2024-02-05T22:53:41.079+0000] {processor.py:161} INFO - Started process (PID=121) to work on /opt/airflow/dags/git_repo_dag.py
[2024-02-05T22:53:41.080+0000] {processor.py:830} INFO - Processing file /opt/airflow/dags/git_repo_dag.py for tasks to queue
[2024-02-05T22:53:41.081+0000] {logging_mixin.py:188} INFO - [2024-02-05T22:53:41.080+0000] {dagbag.py:538} INFO - Filling up the DagBag from /opt/airflow/dags/git_repo_dag.py
[2024-02-05T22:53:41.103+0000] {processor.py:840} INFO - DAG(s) 'git_repo_dag' retrieved from /opt/airflow/dags/git_repo_dag.py
[2024-02-05T22:53:41.127+0000] {logging_mixin.py:188} INFO - [2024-02-05T22:53:41.127+0000] {dag.py:3036} INFO - Sync 1 DAGs
[2024-02-05T22:53:41.153+0000] {logging_mixin.py:188} INFO - [2024-02-05T22:53:41.153+0000] {dag.py:3823} INFO - Setting next_dagrun for git_repo_dag to 2024-02-05 21:00:00+00:00, run_after=2024-02-06 21:00:00+00:00
[2024-02-05T22:53:41.224+0000] {processor.py:183} INFO - Processing /opt/airflow/dags/git_repo_dag.py took 0.147 seconds
[2024-02-05T22:54:11.365+0000] {processor.py:161} INFO - Started process (PID=123) to work on /opt/airflow/dags/git_repo_dag.py
[2024-02-05T22:54:11.366+0000] {processor.py:830} INFO - Processing file /opt/airflow/dags/git_repo_dag.py for tasks to queue
[2024-02-05T22:54:11.367+0000] {logging_mixin.py:188} INFO - [2024-02-05T22:54:11.367+0000] {dagbag.py:538} INFO - Filling up the DagBag from /opt/airflow/dags/git_repo_dag.py
[2024-02-05T22:54:11.390+0000] {processor.py:840} INFO - DAG(s) 'git_repo_dag' retrieved from /opt/airflow/dags/git_repo_dag.py
[2024-02-05T22:54:11.415+0000] {logging_mixin.py:188} INFO - [2024-02-05T22:54:11.415+0000] {dag.py:3036} INFO - Sync 1 DAGs
[2024-02-05T22:54:11.439+0000] {logging_mixin.py:188} INFO - [2024-02-05T22:54:11.439+0000] {dag.py:3823} INFO - Setting next_dagrun for git_repo_dag to 2024-02-05 21:00:00+00:00, run_after=2024-02-06 21:00:00+00:00
[2024-02-05T22:54:11.500+0000] {processor.py:183} INFO - Processing /opt/airflow/dags/git_repo_dag.py took 0.137 seconds
[2024-02-05T22:54:41.674+0000] {processor.py:161} INFO - Started process (PID=125) to work on /opt/airflow/dags/git_repo_dag.py
[2024-02-05T22:54:41.675+0000] {processor.py:830} INFO - Processing file /opt/airflow/dags/git_repo_dag.py for tasks to queue
[2024-02-05T22:54:41.676+0000] {logging_mixin.py:188} INFO - [2024-02-05T22:54:41.676+0000] {dagbag.py:538} INFO - Filling up the DagBag from /opt/airflow/dags/git_repo_dag.py
[2024-02-05T22:54:41.701+0000] {processor.py:840} INFO - DAG(s) 'git_repo_dag' retrieved from /opt/airflow/dags/git_repo_dag.py
[2024-02-05T22:54:41.728+0000] {logging_mixin.py:188} INFO - [2024-02-05T22:54:41.728+0000] {dag.py:3036} INFO - Sync 1 DAGs
[2024-02-05T22:54:41.753+0000] {logging_mixin.py:188} INFO - [2024-02-05T22:54:41.752+0000] {dag.py:3823} INFO - Setting next_dagrun for git_repo_dag to 2024-02-05 21:00:00+00:00, run_after=2024-02-06 21:00:00+00:00
[2024-02-05T22:54:41.811+0000] {processor.py:183} INFO - Processing /opt/airflow/dags/git_repo_dag.py took 0.139 seconds
[2024-02-05T22:55:11.983+0000] {processor.py:161} INFO - Started process (PID=127) to work on /opt/airflow/dags/git_repo_dag.py
[2024-02-05T22:55:11.984+0000] {processor.py:830} INFO - Processing file /opt/airflow/dags/git_repo_dag.py for tasks to queue
[2024-02-05T22:55:11.985+0000] {logging_mixin.py:188} INFO - [2024-02-05T22:55:11.984+0000] {dagbag.py:538} INFO - Filling up the DagBag from /opt/airflow/dags/git_repo_dag.py
[2024-02-05T22:55:12.007+0000] {processor.py:840} INFO - DAG(s) 'git_repo_dag' retrieved from /opt/airflow/dags/git_repo_dag.py
[2024-02-05T22:55:12.031+0000] {logging_mixin.py:188} INFO - [2024-02-05T22:55:12.031+0000] {dag.py:3036} INFO - Sync 1 DAGs
[2024-02-05T22:55:12.054+0000] {logging_mixin.py:188} INFO - [2024-02-05T22:55:12.054+0000] {dag.py:3823} INFO - Setting next_dagrun for git_repo_dag to 2024-02-05 21:00:00+00:00, run_after=2024-02-06 21:00:00+00:00
[2024-02-05T22:55:12.115+0000] {processor.py:183} INFO - Processing /opt/airflow/dags/git_repo_dag.py took 0.134 seconds
[2024-02-05T22:55:43.265+0000] {processor.py:161} INFO - Started process (PID=129) to work on /opt/airflow/dags/git_repo_dag.py
[2024-02-05T22:55:43.266+0000] {processor.py:830} INFO - Processing file /opt/airflow/dags/git_repo_dag.py for tasks to queue
[2024-02-05T22:55:43.267+0000] {logging_mixin.py:188} INFO - [2024-02-05T22:55:43.267+0000] {dagbag.py:538} INFO - Filling up the DagBag from /opt/airflow/dags/git_repo_dag.py
[2024-02-05T22:55:43.290+0000] {processor.py:840} INFO - DAG(s) 'git_repo_dag' retrieved from /opt/airflow/dags/git_repo_dag.py
[2024-02-05T22:55:43.313+0000] {logging_mixin.py:188} INFO - [2024-02-05T22:55:43.313+0000] {dag.py:3036} INFO - Sync 1 DAGs
[2024-02-05T22:55:43.338+0000] {logging_mixin.py:188} INFO - [2024-02-05T22:55:43.338+0000] {dag.py:3823} INFO - Setting next_dagrun for git_repo_dag to 2024-02-05 21:00:00+00:00, run_after=2024-02-06 21:00:00+00:00
[2024-02-05T22:55:43.426+0000] {processor.py:183} INFO - Processing /opt/airflow/dags/git_repo_dag.py took 0.162 seconds
[2024-02-05T22:55:56.698+0000] {processor.py:161} INFO - Started process (PID=131) to work on /opt/airflow/dags/git_repo_dag.py
[2024-02-05T22:55:56.699+0000] {processor.py:830} INFO - Processing file /opt/airflow/dags/git_repo_dag.py for tasks to queue
[2024-02-05T22:55:56.700+0000] {logging_mixin.py:188} INFO - [2024-02-05T22:55:56.700+0000] {dagbag.py:538} INFO - Filling up the DagBag from /opt/airflow/dags/git_repo_dag.py
[2024-02-05T22:55:56.737+0000] {processor.py:840} INFO - DAG(s) 'git_repo_dag' retrieved from /opt/airflow/dags/git_repo_dag.py
[2024-02-05T22:55:56.763+0000] {logging_mixin.py:188} INFO - [2024-02-05T22:55:56.762+0000] {dag.py:3036} INFO - Sync 1 DAGs
[2024-02-05T22:55:56.791+0000] {logging_mixin.py:188} INFO - [2024-02-05T22:55:56.790+0000] {dag.py:3823} INFO - Setting next_dagrun for git_repo_dag to 2024-02-05 21:00:00+00:00, run_after=2024-02-06 21:00:00+00:00
[2024-02-05T22:55:56.861+0000] {processor.py:183} INFO - Processing /opt/airflow/dags/git_repo_dag.py took 0.165 seconds
[2024-02-05T22:56:14.128+0000] {processor.py:161} INFO - Started process (PID=69) to work on /opt/airflow/dags/git_repo_dag.py
[2024-02-05T22:56:14.129+0000] {processor.py:830} INFO - Processing file /opt/airflow/dags/git_repo_dag.py for tasks to queue
[2024-02-05T22:56:14.130+0000] {logging_mixin.py:188} INFO - [2024-02-05T22:56:14.130+0000] {dagbag.py:538} INFO - Filling up the DagBag from /opt/airflow/dags/git_repo_dag.py
[2024-02-05T22:56:14.153+0000] {processor.py:840} INFO - DAG(s) 'git_repo_dag' retrieved from /opt/airflow/dags/git_repo_dag.py
[2024-02-05T22:56:14.165+0000] {logging_mixin.py:188} INFO - [2024-02-05T22:56:14.165+0000] {dag.py:3036} INFO - Sync 1 DAGs
[2024-02-05T22:56:14.192+0000] {logging_mixin.py:188} INFO - [2024-02-05T22:56:14.192+0000] {dag.py:3823} INFO - Setting next_dagrun for git_repo_dag to 2024-02-05 21:00:00+00:00, run_after=2024-02-06 21:00:00+00:00
[2024-02-05T22:56:14.250+0000] {processor.py:183} INFO - Processing /opt/airflow/dags/git_repo_dag.py took 0.123 seconds
[2024-02-05T22:56:44.441+0000] {processor.py:161} INFO - Started process (PID=83) to work on /opt/airflow/dags/git_repo_dag.py
[2024-02-05T22:56:44.442+0000] {processor.py:830} INFO - Processing file /opt/airflow/dags/git_repo_dag.py for tasks to queue
[2024-02-05T22:56:44.443+0000] {logging_mixin.py:188} INFO - [2024-02-05T22:56:44.443+0000] {dagbag.py:538} INFO - Filling up the DagBag from /opt/airflow/dags/git_repo_dag.py
[2024-02-05T22:56:44.464+0000] {processor.py:840} INFO - DAG(s) 'git_repo_dag' retrieved from /opt/airflow/dags/git_repo_dag.py
[2024-02-05T22:56:44.566+0000] {logging_mixin.py:188} INFO - [2024-02-05T22:56:44.566+0000] {dag.py:3036} INFO - Sync 1 DAGs
[2024-02-05T22:56:44.589+0000] {logging_mixin.py:188} INFO - [2024-02-05T22:56:44.588+0000] {dag.py:3823} INFO - Setting next_dagrun for git_repo_dag to 2024-02-05 21:00:00+00:00, run_after=2024-02-06 21:00:00+00:00
[2024-02-05T22:56:44.641+0000] {processor.py:183} INFO - Processing /opt/airflow/dags/git_repo_dag.py took 0.202 seconds
[2024-02-05T22:57:15.393+0000] {processor.py:161} INFO - Started process (PID=85) to work on /opt/airflow/dags/git_repo_dag.py
[2024-02-05T22:57:15.394+0000] {processor.py:830} INFO - Processing file /opt/airflow/dags/git_repo_dag.py for tasks to queue
[2024-02-05T22:57:15.395+0000] {logging_mixin.py:188} INFO - [2024-02-05T22:57:15.395+0000] {dagbag.py:538} INFO - Filling up the DagBag from /opt/airflow/dags/git_repo_dag.py
[2024-02-05T22:57:15.418+0000] {processor.py:840} INFO - DAG(s) 'git_repo_dag' retrieved from /opt/airflow/dags/git_repo_dag.py
[2024-02-05T22:57:15.443+0000] {logging_mixin.py:188} INFO - [2024-02-05T22:57:15.443+0000] {dag.py:3036} INFO - Sync 1 DAGs
[2024-02-05T22:57:15.468+0000] {logging_mixin.py:188} INFO - [2024-02-05T22:57:15.467+0000] {dag.py:3823} INFO - Setting next_dagrun for git_repo_dag to 2024-02-05 21:00:00+00:00, run_after=2024-02-06 21:00:00+00:00
[2024-02-05T22:57:15.525+0000] {processor.py:183} INFO - Processing /opt/airflow/dags/git_repo_dag.py took 0.134 seconds
[2024-02-05T22:57:45.792+0000] {processor.py:161} INFO - Started process (PID=87) to work on /opt/airflow/dags/git_repo_dag.py
[2024-02-05T22:57:45.793+0000] {processor.py:830} INFO - Processing file /opt/airflow/dags/git_repo_dag.py for tasks to queue
[2024-02-05T22:57:45.794+0000] {logging_mixin.py:188} INFO - [2024-02-05T22:57:45.794+0000] {dagbag.py:538} INFO - Filling up the DagBag from /opt/airflow/dags/git_repo_dag.py
[2024-02-05T22:57:45.818+0000] {processor.py:840} INFO - DAG(s) 'git_repo_dag' retrieved from /opt/airflow/dags/git_repo_dag.py
[2024-02-05T22:57:45.843+0000] {logging_mixin.py:188} INFO - [2024-02-05T22:57:45.843+0000] {dag.py:3036} INFO - Sync 1 DAGs
[2024-02-05T22:57:45.868+0000] {logging_mixin.py:188} INFO - [2024-02-05T22:57:45.868+0000] {dag.py:3823} INFO - Setting next_dagrun for git_repo_dag to 2024-02-05 21:00:00+00:00, run_after=2024-02-06 21:00:00+00:00
[2024-02-05T22:57:45.925+0000] {processor.py:183} INFO - Processing /opt/airflow/dags/git_repo_dag.py took 0.134 seconds
[2024-02-05T22:58:17.007+0000] {processor.py:161} INFO - Started process (PID=89) to work on /opt/airflow/dags/git_repo_dag.py
[2024-02-05T22:58:17.008+0000] {processor.py:830} INFO - Processing file /opt/airflow/dags/git_repo_dag.py for tasks to queue
[2024-02-05T22:58:17.009+0000] {logging_mixin.py:188} INFO - [2024-02-05T22:58:17.009+0000] {dagbag.py:538} INFO - Filling up the DagBag from /opt/airflow/dags/git_repo_dag.py
[2024-02-05T22:58:17.031+0000] {processor.py:840} INFO - DAG(s) 'git_repo_dag' retrieved from /opt/airflow/dags/git_repo_dag.py
[2024-02-05T22:58:17.056+0000] {logging_mixin.py:188} INFO - [2024-02-05T22:58:17.056+0000] {dag.py:3036} INFO - Sync 1 DAGs
[2024-02-05T22:58:17.081+0000] {logging_mixin.py:188} INFO - [2024-02-05T22:58:17.081+0000] {dag.py:3823} INFO - Setting next_dagrun for git_repo_dag to 2024-02-05 21:00:00+00:00, run_after=2024-02-06 21:00:00+00:00
[2024-02-05T22:58:17.140+0000] {processor.py:183} INFO - Processing /opt/airflow/dags/git_repo_dag.py took 0.135 seconds
[2024-02-05T22:58:47.380+0000] {processor.py:161} INFO - Started process (PID=91) to work on /opt/airflow/dags/git_repo_dag.py
[2024-02-05T22:58:47.381+0000] {processor.py:830} INFO - Processing file /opt/airflow/dags/git_repo_dag.py for tasks to queue
[2024-02-05T22:58:47.382+0000] {logging_mixin.py:188} INFO - [2024-02-05T22:58:47.382+0000] {dagbag.py:538} INFO - Filling up the DagBag from /opt/airflow/dags/git_repo_dag.py
[2024-02-05T22:58:47.406+0000] {processor.py:840} INFO - DAG(s) 'git_repo_dag' retrieved from /opt/airflow/dags/git_repo_dag.py
[2024-02-05T22:58:47.429+0000] {logging_mixin.py:188} INFO - [2024-02-05T22:58:47.428+0000] {dag.py:3036} INFO - Sync 1 DAGs
[2024-02-05T22:58:47.454+0000] {logging_mixin.py:188} INFO - [2024-02-05T22:58:47.454+0000] {dag.py:3823} INFO - Setting next_dagrun for git_repo_dag to 2024-02-05 21:00:00+00:00, run_after=2024-02-06 21:00:00+00:00
[2024-02-05T22:58:47.514+0000] {processor.py:183} INFO - Processing /opt/airflow/dags/git_repo_dag.py took 0.136 seconds
[2024-02-05T22:59:18.544+0000] {processor.py:161} INFO - Started process (PID=93) to work on /opt/airflow/dags/git_repo_dag.py
[2024-02-05T22:59:18.545+0000] {processor.py:830} INFO - Processing file /opt/airflow/dags/git_repo_dag.py for tasks to queue
[2024-02-05T22:59:18.546+0000] {logging_mixin.py:188} INFO - [2024-02-05T22:59:18.545+0000] {dagbag.py:538} INFO - Filling up the DagBag from /opt/airflow/dags/git_repo_dag.py
[2024-02-05T22:59:18.572+0000] {processor.py:840} INFO - DAG(s) 'git_repo_dag' retrieved from /opt/airflow/dags/git_repo_dag.py
[2024-02-05T22:59:18.600+0000] {logging_mixin.py:188} INFO - [2024-02-05T22:59:18.600+0000] {dag.py:3036} INFO - Sync 1 DAGs
[2024-02-05T22:59:18.625+0000] {logging_mixin.py:188} INFO - [2024-02-05T22:59:18.625+0000] {dag.py:3823} INFO - Setting next_dagrun for git_repo_dag to 2024-02-05 21:00:00+00:00, run_after=2024-02-06 21:00:00+00:00
[2024-02-05T22:59:18.688+0000] {processor.py:183} INFO - Processing /opt/airflow/dags/git_repo_dag.py took 0.146 seconds
[2024-02-05T22:59:34.127+0000] {processor.py:161} INFO - Started process (PID=95) to work on /opt/airflow/dags/git_repo_dag.py
[2024-02-05T22:59:34.128+0000] {processor.py:830} INFO - Processing file /opt/airflow/dags/git_repo_dag.py for tasks to queue
[2024-02-05T22:59:34.130+0000] {logging_mixin.py:188} INFO - [2024-02-05T22:59:34.129+0000] {dagbag.py:538} INFO - Filling up the DagBag from /opt/airflow/dags/git_repo_dag.py
[2024-02-05T22:59:34.169+0000] {processor.py:840} INFO - DAG(s) 'git_repo_dag' retrieved from /opt/airflow/dags/git_repo_dag.py
[2024-02-05T22:59:34.194+0000] {logging_mixin.py:188} INFO - [2024-02-05T22:59:34.193+0000] {dag.py:3036} INFO - Sync 1 DAGs
[2024-02-05T22:59:34.220+0000] {logging_mixin.py:188} INFO - [2024-02-05T22:59:34.220+0000] {dag.py:3823} INFO - Setting next_dagrun for git_repo_dag to 2024-02-05 21:00:00+00:00, run_after=2024-02-06 21:00:00+00:00
[2024-02-05T22:59:34.282+0000] {processor.py:183} INFO - Processing /opt/airflow/dags/git_repo_dag.py took 0.157 seconds
[2024-02-05T23:00:04.614+0000] {processor.py:161} INFO - Started process (PID=97) to work on /opt/airflow/dags/git_repo_dag.py
[2024-02-05T23:00:04.614+0000] {processor.py:830} INFO - Processing file /opt/airflow/dags/git_repo_dag.py for tasks to queue
[2024-02-05T23:00:04.616+0000] {logging_mixin.py:188} INFO - [2024-02-05T23:00:04.615+0000] {dagbag.py:538} INFO - Filling up the DagBag from /opt/airflow/dags/git_repo_dag.py
[2024-02-05T23:00:04.639+0000] {processor.py:840} INFO - DAG(s) 'git_repo_dag' retrieved from /opt/airflow/dags/git_repo_dag.py
[2024-02-05T23:00:04.664+0000] {logging_mixin.py:188} INFO - [2024-02-05T23:00:04.664+0000] {dag.py:3036} INFO - Sync 1 DAGs
[2024-02-05T23:00:04.691+0000] {logging_mixin.py:188} INFO - [2024-02-05T23:00:04.691+0000] {dag.py:3823} INFO - Setting next_dagrun for git_repo_dag to 2024-02-05 21:00:00+00:00, run_after=2024-02-06 21:00:00+00:00
[2024-02-05T23:00:04.755+0000] {processor.py:183} INFO - Processing /opt/airflow/dags/git_repo_dag.py took 0.143 seconds
[2024-02-05T23:00:19.082+0000] {processor.py:161} INFO - Started process (PID=69) to work on /opt/airflow/dags/git_repo_dag.py
[2024-02-05T23:00:19.083+0000] {processor.py:830} INFO - Processing file /opt/airflow/dags/git_repo_dag.py for tasks to queue
[2024-02-05T23:00:19.084+0000] {logging_mixin.py:188} INFO - [2024-02-05T23:00:19.084+0000] {dagbag.py:538} INFO - Filling up the DagBag from /opt/airflow/dags/git_repo_dag.py
[2024-02-05T23:00:19.108+0000] {processor.py:840} INFO - DAG(s) 'git_repo_dag' retrieved from /opt/airflow/dags/git_repo_dag.py
[2024-02-05T23:00:19.119+0000] {logging_mixin.py:188} INFO - [2024-02-05T23:00:19.118+0000] {dag.py:3036} INFO - Sync 1 DAGs
[2024-02-05T23:00:19.144+0000] {logging_mixin.py:188} INFO - [2024-02-05T23:00:19.144+0000] {dag.py:3823} INFO - Setting next_dagrun for git_repo_dag to 2024-02-05 21:00:00+00:00, run_after=2024-02-06 21:00:00+00:00
[2024-02-05T23:00:19.203+0000] {processor.py:183} INFO - Processing /opt/airflow/dags/git_repo_dag.py took 0.123 seconds
[2024-02-05T23:00:49.412+0000] {processor.py:161} INFO - Started process (PID=102) to work on /opt/airflow/dags/git_repo_dag.py
[2024-02-05T23:00:49.412+0000] {processor.py:830} INFO - Processing file /opt/airflow/dags/git_repo_dag.py for tasks to queue
[2024-02-05T23:00:49.413+0000] {logging_mixin.py:188} INFO - [2024-02-05T23:00:49.413+0000] {dagbag.py:538} INFO - Filling up the DagBag from /opt/airflow/dags/git_repo_dag.py
[2024-02-05T23:00:49.434+0000] {processor.py:840} INFO - DAG(s) 'git_repo_dag' retrieved from /opt/airflow/dags/git_repo_dag.py
[2024-02-05T23:00:49.539+0000] {logging_mixin.py:188} INFO - [2024-02-05T23:00:49.539+0000] {dag.py:3036} INFO - Sync 1 DAGs
[2024-02-05T23:00:49.560+0000] {logging_mixin.py:188} INFO - [2024-02-05T23:00:49.560+0000] {dag.py:3823} INFO - Setting next_dagrun for git_repo_dag to 2024-02-05 21:00:00+00:00, run_after=2024-02-06 21:00:00+00:00
[2024-02-05T23:00:49.616+0000] {processor.py:183} INFO - Processing /opt/airflow/dags/git_repo_dag.py took 0.206 seconds
[2024-02-05T23:01:20.566+0000] {processor.py:161} INFO - Started process (PID=104) to work on /opt/airflow/dags/git_repo_dag.py
[2024-02-05T23:01:20.567+0000] {processor.py:830} INFO - Processing file /opt/airflow/dags/git_repo_dag.py for tasks to queue
[2024-02-05T23:01:20.568+0000] {logging_mixin.py:188} INFO - [2024-02-05T23:01:20.568+0000] {dagbag.py:538} INFO - Filling up the DagBag from /opt/airflow/dags/git_repo_dag.py
[2024-02-05T23:01:20.591+0000] {processor.py:840} INFO - DAG(s) 'git_repo_dag' retrieved from /opt/airflow/dags/git_repo_dag.py
[2024-02-05T23:01:20.619+0000] {logging_mixin.py:188} INFO - [2024-02-05T23:01:20.619+0000] {dag.py:3036} INFO - Sync 1 DAGs
[2024-02-05T23:01:20.649+0000] {logging_mixin.py:188} INFO - [2024-02-05T23:01:20.648+0000] {dag.py:3823} INFO - Setting next_dagrun for git_repo_dag to 2024-02-05 21:00:00+00:00, run_after=2024-02-06 21:00:00+00:00
[2024-02-05T23:01:20.711+0000] {processor.py:183} INFO - Processing /opt/airflow/dags/git_repo_dag.py took 0.147 seconds
[2024-02-05T23:01:51.017+0000] {processor.py:161} INFO - Started process (PID=106) to work on /opt/airflow/dags/git_repo_dag.py
[2024-02-05T23:01:51.018+0000] {processor.py:830} INFO - Processing file /opt/airflow/dags/git_repo_dag.py for tasks to queue
[2024-02-05T23:01:51.019+0000] {logging_mixin.py:188} INFO - [2024-02-05T23:01:51.019+0000] {dagbag.py:538} INFO - Filling up the DagBag from /opt/airflow/dags/git_repo_dag.py
[2024-02-05T23:01:51.042+0000] {processor.py:840} INFO - DAG(s) 'git_repo_dag' retrieved from /opt/airflow/dags/git_repo_dag.py
[2024-02-05T23:01:51.067+0000] {logging_mixin.py:188} INFO - [2024-02-05T23:01:51.067+0000] {dag.py:3036} INFO - Sync 1 DAGs
[2024-02-05T23:01:51.091+0000] {logging_mixin.py:188} INFO - [2024-02-05T23:01:51.091+0000] {dag.py:3823} INFO - Setting next_dagrun for git_repo_dag to 2024-02-05 21:00:00+00:00, run_after=2024-02-06 21:00:00+00:00
[2024-02-05T23:01:51.154+0000] {processor.py:183} INFO - Processing /opt/airflow/dags/git_repo_dag.py took 0.139 seconds
[2024-02-05T23:02:21.305+0000] {processor.py:161} INFO - Started process (PID=108) to work on /opt/airflow/dags/git_repo_dag.py
[2024-02-05T23:02:21.307+0000] {processor.py:830} INFO - Processing file /opt/airflow/dags/git_repo_dag.py for tasks to queue
[2024-02-05T23:02:21.308+0000] {logging_mixin.py:188} INFO - [2024-02-05T23:02:21.307+0000] {dagbag.py:538} INFO - Filling up the DagBag from /opt/airflow/dags/git_repo_dag.py
[2024-02-05T23:02:21.334+0000] {processor.py:840} INFO - DAG(s) 'git_repo_dag' retrieved from /opt/airflow/dags/git_repo_dag.py
[2024-02-05T23:02:21.361+0000] {logging_mixin.py:188} INFO - [2024-02-05T23:02:21.360+0000] {dag.py:3036} INFO - Sync 1 DAGs
[2024-02-05T23:02:21.386+0000] {logging_mixin.py:188} INFO - [2024-02-05T23:02:21.386+0000] {dag.py:3823} INFO - Setting next_dagrun for git_repo_dag to 2024-02-05 21:00:00+00:00, run_after=2024-02-06 21:00:00+00:00
[2024-02-05T23:02:21.450+0000] {processor.py:183} INFO - Processing /opt/airflow/dags/git_repo_dag.py took 0.146 seconds
[2024-02-05T23:02:51.607+0000] {processor.py:161} INFO - Started process (PID=110) to work on /opt/airflow/dags/git_repo_dag.py
[2024-02-05T23:02:51.608+0000] {processor.py:830} INFO - Processing file /opt/airflow/dags/git_repo_dag.py for tasks to queue
[2024-02-05T23:02:51.609+0000] {logging_mixin.py:188} INFO - [2024-02-05T23:02:51.609+0000] {dagbag.py:538} INFO - Filling up the DagBag from /opt/airflow/dags/git_repo_dag.py
[2024-02-05T23:02:51.635+0000] {processor.py:840} INFO - DAG(s) 'git_repo_dag' retrieved from /opt/airflow/dags/git_repo_dag.py
[2024-02-05T23:02:51.662+0000] {logging_mixin.py:188} INFO - [2024-02-05T23:02:51.661+0000] {dag.py:3036} INFO - Sync 1 DAGs
[2024-02-05T23:02:51.686+0000] {logging_mixin.py:188} INFO - [2024-02-05T23:02:51.686+0000] {dag.py:3823} INFO - Setting next_dagrun for git_repo_dag to 2024-02-05 21:00:00+00:00, run_after=2024-02-06 21:00:00+00:00
[2024-02-05T23:02:51.753+0000] {processor.py:183} INFO - Processing /opt/airflow/dags/git_repo_dag.py took 0.148 seconds
[2024-02-05T23:03:21.906+0000] {processor.py:161} INFO - Started process (PID=112) to work on /opt/airflow/dags/git_repo_dag.py
[2024-02-05T23:03:21.907+0000] {processor.py:830} INFO - Processing file /opt/airflow/dags/git_repo_dag.py for tasks to queue
[2024-02-05T23:03:21.909+0000] {logging_mixin.py:188} INFO - [2024-02-05T23:03:21.909+0000] {dagbag.py:538} INFO - Filling up the DagBag from /opt/airflow/dags/git_repo_dag.py
[2024-02-05T23:03:21.932+0000] {processor.py:840} INFO - DAG(s) 'git_repo_dag' retrieved from /opt/airflow/dags/git_repo_dag.py
[2024-02-05T23:03:21.958+0000] {logging_mixin.py:188} INFO - [2024-02-05T23:03:21.957+0000] {dag.py:3036} INFO - Sync 1 DAGs
[2024-02-05T23:03:21.985+0000] {logging_mixin.py:188} INFO - [2024-02-05T23:03:21.984+0000] {dag.py:3823} INFO - Setting next_dagrun for git_repo_dag to 2024-02-05 21:00:00+00:00, run_after=2024-02-06 21:00:00+00:00
[2024-02-05T23:03:22.056+0000] {processor.py:183} INFO - Processing /opt/airflow/dags/git_repo_dag.py took 0.152 seconds
[2024-02-05T23:03:52.228+0000] {processor.py:161} INFO - Started process (PID=114) to work on /opt/airflow/dags/git_repo_dag.py
[2024-02-05T23:03:52.229+0000] {processor.py:830} INFO - Processing file /opt/airflow/dags/git_repo_dag.py for tasks to queue
[2024-02-05T23:03:52.231+0000] {logging_mixin.py:188} INFO - [2024-02-05T23:03:52.230+0000] {dagbag.py:538} INFO - Filling up the DagBag from /opt/airflow/dags/git_repo_dag.py
[2024-02-05T23:03:52.261+0000] {processor.py:840} INFO - DAG(s) 'git_repo_dag' retrieved from /opt/airflow/dags/git_repo_dag.py
[2024-02-05T23:03:52.288+0000] {logging_mixin.py:188} INFO - [2024-02-05T23:03:52.287+0000] {dag.py:3036} INFO - Sync 1 DAGs
[2024-02-05T23:03:52.329+0000] {logging_mixin.py:188} INFO - [2024-02-05T23:03:52.329+0000] {dag.py:3823} INFO - Setting next_dagrun for git_repo_dag to 2024-02-05 21:00:00+00:00, run_after=2024-02-06 21:00:00+00:00
[2024-02-05T23:03:52.444+0000] {processor.py:183} INFO - Processing /opt/airflow/dags/git_repo_dag.py took 0.218 seconds
[2024-02-05T23:04:23.630+0000] {processor.py:161} INFO - Started process (PID=116) to work on /opt/airflow/dags/git_repo_dag.py
[2024-02-05T23:04:23.631+0000] {processor.py:830} INFO - Processing file /opt/airflow/dags/git_repo_dag.py for tasks to queue
[2024-02-05T23:04:23.631+0000] {logging_mixin.py:188} INFO - [2024-02-05T23:04:23.631+0000] {dagbag.py:538} INFO - Filling up the DagBag from /opt/airflow/dags/git_repo_dag.py
[2024-02-05T23:04:23.653+0000] {processor.py:840} INFO - DAG(s) 'git_repo_dag' retrieved from /opt/airflow/dags/git_repo_dag.py
[2024-02-05T23:04:23.679+0000] {logging_mixin.py:188} INFO - [2024-02-05T23:04:23.678+0000] {dag.py:3036} INFO - Sync 1 DAGs
[2024-02-05T23:04:23.703+0000] {logging_mixin.py:188} INFO - [2024-02-05T23:04:23.703+0000] {dag.py:3823} INFO - Setting next_dagrun for git_repo_dag to 2024-02-05 21:00:00+00:00, run_after=2024-02-06 21:00:00+00:00
[2024-02-05T23:04:23.760+0000] {processor.py:183} INFO - Processing /opt/airflow/dags/git_repo_dag.py took 0.132 seconds
[2024-02-05T23:04:53.902+0000] {processor.py:161} INFO - Started process (PID=118) to work on /opt/airflow/dags/git_repo_dag.py
[2024-02-05T23:04:53.902+0000] {processor.py:830} INFO - Processing file /opt/airflow/dags/git_repo_dag.py for tasks to queue
[2024-02-05T23:04:53.903+0000] {logging_mixin.py:188} INFO - [2024-02-05T23:04:53.903+0000] {dagbag.py:538} INFO - Filling up the DagBag from /opt/airflow/dags/git_repo_dag.py
[2024-02-05T23:04:53.927+0000] {processor.py:840} INFO - DAG(s) 'git_repo_dag' retrieved from /opt/airflow/dags/git_repo_dag.py
[2024-02-05T23:04:53.951+0000] {logging_mixin.py:188} INFO - [2024-02-05T23:04:53.951+0000] {dag.py:3036} INFO - Sync 1 DAGs
[2024-02-05T23:04:53.974+0000] {logging_mixin.py:188} INFO - [2024-02-05T23:04:53.974+0000] {dag.py:3823} INFO - Setting next_dagrun for git_repo_dag to 2024-02-05 21:00:00+00:00, run_after=2024-02-06 21:00:00+00:00
[2024-02-05T23:04:54.028+0000] {processor.py:183} INFO - Processing /opt/airflow/dags/git_repo_dag.py took 0.128 seconds
[2024-02-05T23:05:24.194+0000] {processor.py:161} INFO - Started process (PID=120) to work on /opt/airflow/dags/git_repo_dag.py
[2024-02-05T23:05:24.195+0000] {processor.py:830} INFO - Processing file /opt/airflow/dags/git_repo_dag.py for tasks to queue
[2024-02-05T23:05:24.196+0000] {logging_mixin.py:188} INFO - [2024-02-05T23:05:24.196+0000] {dagbag.py:538} INFO - Filling up the DagBag from /opt/airflow/dags/git_repo_dag.py
[2024-02-05T23:05:24.219+0000] {processor.py:840} INFO - DAG(s) 'git_repo_dag' retrieved from /opt/airflow/dags/git_repo_dag.py
[2024-02-05T23:05:24.245+0000] {logging_mixin.py:188} INFO - [2024-02-05T23:05:24.245+0000] {dag.py:3036} INFO - Sync 1 DAGs
[2024-02-05T23:05:24.277+0000] {logging_mixin.py:188} INFO - [2024-02-05T23:05:24.276+0000] {dag.py:3823} INFO - Setting next_dagrun for git_repo_dag to 2024-02-05 21:00:00+00:00, run_after=2024-02-06 21:00:00+00:00
[2024-02-05T23:05:24.345+0000] {processor.py:183} INFO - Processing /opt/airflow/dags/git_repo_dag.py took 0.153 seconds
[2024-02-05T23:05:54.650+0000] {processor.py:161} INFO - Started process (PID=122) to work on /opt/airflow/dags/git_repo_dag.py
[2024-02-05T23:05:54.651+0000] {processor.py:830} INFO - Processing file /opt/airflow/dags/git_repo_dag.py for tasks to queue
[2024-02-05T23:05:54.652+0000] {logging_mixin.py:188} INFO - [2024-02-05T23:05:54.651+0000] {dagbag.py:538} INFO - Filling up the DagBag from /opt/airflow/dags/git_repo_dag.py
[2024-02-05T23:05:54.673+0000] {processor.py:840} INFO - DAG(s) 'git_repo_dag' retrieved from /opt/airflow/dags/git_repo_dag.py
[2024-02-05T23:05:54.697+0000] {logging_mixin.py:188} INFO - [2024-02-05T23:05:54.697+0000] {dag.py:3036} INFO - Sync 1 DAGs
[2024-02-05T23:05:54.724+0000] {logging_mixin.py:188} INFO - [2024-02-05T23:05:54.724+0000] {dag.py:3823} INFO - Setting next_dagrun for git_repo_dag to 2024-02-05 21:00:00+00:00, run_after=2024-02-06 21:00:00+00:00
[2024-02-05T23:05:54.786+0000] {processor.py:183} INFO - Processing /opt/airflow/dags/git_repo_dag.py took 0.138 seconds
[2024-02-05T23:06:25.420+0000] {processor.py:161} INFO - Started process (PID=124) to work on /opt/airflow/dags/git_repo_dag.py
[2024-02-05T23:06:25.422+0000] {processor.py:830} INFO - Processing file /opt/airflow/dags/git_repo_dag.py for tasks to queue
[2024-02-05T23:06:25.423+0000] {logging_mixin.py:188} INFO - [2024-02-05T23:06:25.423+0000] {dagbag.py:538} INFO - Filling up the DagBag from /opt/airflow/dags/git_repo_dag.py
[2024-02-05T23:06:25.452+0000] {processor.py:840} INFO - DAG(s) 'git_repo_dag' retrieved from /opt/airflow/dags/git_repo_dag.py
[2024-02-05T23:06:25.479+0000] {logging_mixin.py:188} INFO - [2024-02-05T23:06:25.479+0000] {dag.py:3036} INFO - Sync 1 DAGs
[2024-02-05T23:06:25.507+0000] {logging_mixin.py:188} INFO - [2024-02-05T23:06:25.507+0000] {dag.py:3823} INFO - Setting next_dagrun for git_repo_dag to 2024-02-05 21:00:00+00:00, run_after=2024-02-06 21:00:00+00:00
[2024-02-05T23:06:25.570+0000] {processor.py:183} INFO - Processing /opt/airflow/dags/git_repo_dag.py took 0.152 seconds
[2024-02-05T23:06:56.142+0000] {processor.py:161} INFO - Started process (PID=126) to work on /opt/airflow/dags/git_repo_dag.py
[2024-02-05T23:06:56.143+0000] {processor.py:830} INFO - Processing file /opt/airflow/dags/git_repo_dag.py for tasks to queue
[2024-02-05T23:06:56.144+0000] {logging_mixin.py:188} INFO - [2024-02-05T23:06:56.144+0000] {dagbag.py:538} INFO - Filling up the DagBag from /opt/airflow/dags/git_repo_dag.py
[2024-02-05T23:06:56.173+0000] {processor.py:840} INFO - DAG(s) 'git_repo_dag' retrieved from /opt/airflow/dags/git_repo_dag.py
[2024-02-05T23:06:56.201+0000] {logging_mixin.py:188} INFO - [2024-02-05T23:06:56.200+0000] {dag.py:3036} INFO - Sync 1 DAGs
[2024-02-05T23:06:56.229+0000] {logging_mixin.py:188} INFO - [2024-02-05T23:06:56.229+0000] {dag.py:3823} INFO - Setting next_dagrun for git_repo_dag to 2024-02-05 21:00:00+00:00, run_after=2024-02-06 21:00:00+00:00
[2024-02-05T23:06:56.304+0000] {processor.py:183} INFO - Processing /opt/airflow/dags/git_repo_dag.py took 0.164 seconds
[2024-02-05T23:07:26.934+0000] {processor.py:161} INFO - Started process (PID=128) to work on /opt/airflow/dags/git_repo_dag.py
[2024-02-05T23:07:26.936+0000] {processor.py:830} INFO - Processing file /opt/airflow/dags/git_repo_dag.py for tasks to queue
[2024-02-05T23:07:26.937+0000] {logging_mixin.py:188} INFO - [2024-02-05T23:07:26.937+0000] {dagbag.py:538} INFO - Filling up the DagBag from /opt/airflow/dags/git_repo_dag.py
[2024-02-05T23:07:26.975+0000] {processor.py:840} INFO - DAG(s) 'git_repo_dag' retrieved from /opt/airflow/dags/git_repo_dag.py
[2024-02-05T23:07:27.002+0000] {logging_mixin.py:188} INFO - [2024-02-05T23:07:27.001+0000] {dag.py:3036} INFO - Sync 1 DAGs
[2024-02-05T23:07:27.031+0000] {logging_mixin.py:188} INFO - [2024-02-05T23:07:27.031+0000] {dag.py:3823} INFO - Setting next_dagrun for git_repo_dag to 2024-02-05 21:00:00+00:00, run_after=2024-02-06 21:00:00+00:00
[2024-02-05T23:07:27.097+0000] {processor.py:183} INFO - Processing /opt/airflow/dags/git_repo_dag.py took 0.165 seconds
[2024-02-05T23:07:57.709+0000] {processor.py:161} INFO - Started process (PID=130) to work on /opt/airflow/dags/git_repo_dag.py
[2024-02-05T23:07:57.710+0000] {processor.py:830} INFO - Processing file /opt/airflow/dags/git_repo_dag.py for tasks to queue
[2024-02-05T23:07:57.711+0000] {logging_mixin.py:188} INFO - [2024-02-05T23:07:57.710+0000] {dagbag.py:538} INFO - Filling up the DagBag from /opt/airflow/dags/git_repo_dag.py
[2024-02-05T23:07:57.731+0000] {processor.py:840} INFO - DAG(s) 'git_repo_dag' retrieved from /opt/airflow/dags/git_repo_dag.py
[2024-02-05T23:07:57.755+0000] {logging_mixin.py:188} INFO - [2024-02-05T23:07:57.754+0000] {dag.py:3036} INFO - Sync 1 DAGs
[2024-02-05T23:07:57.779+0000] {logging_mixin.py:188} INFO - [2024-02-05T23:07:57.779+0000] {dag.py:3823} INFO - Setting next_dagrun for git_repo_dag to 2024-02-05 21:00:00+00:00, run_after=2024-02-06 21:00:00+00:00
[2024-02-05T23:07:57.835+0000] {processor.py:183} INFO - Processing /opt/airflow/dags/git_repo_dag.py took 0.127 seconds
[2024-02-05T23:08:28.365+0000] {processor.py:161} INFO - Started process (PID=132) to work on /opt/airflow/dags/git_repo_dag.py
[2024-02-05T23:08:28.367+0000] {processor.py:830} INFO - Processing file /opt/airflow/dags/git_repo_dag.py for tasks to queue
[2024-02-05T23:08:28.368+0000] {logging_mixin.py:188} INFO - [2024-02-05T23:08:28.367+0000] {dagbag.py:538} INFO - Filling up the DagBag from /opt/airflow/dags/git_repo_dag.py
[2024-02-05T23:08:28.393+0000] {processor.py:840} INFO - DAG(s) 'git_repo_dag' retrieved from /opt/airflow/dags/git_repo_dag.py
[2024-02-05T23:08:28.416+0000] {logging_mixin.py:188} INFO - [2024-02-05T23:08:28.416+0000] {dag.py:3036} INFO - Sync 1 DAGs
[2024-02-05T23:08:28.441+0000] {logging_mixin.py:188} INFO - [2024-02-05T23:08:28.441+0000] {dag.py:3823} INFO - Setting next_dagrun for git_repo_dag to 2024-02-05 21:00:00+00:00, run_after=2024-02-06 21:00:00+00:00
[2024-02-05T23:08:28.502+0000] {processor.py:183} INFO - Processing /opt/airflow/dags/git_repo_dag.py took 0.138 seconds
[2024-02-05T23:08:59.043+0000] {processor.py:161} INFO - Started process (PID=134) to work on /opt/airflow/dags/git_repo_dag.py
[2024-02-05T23:08:59.044+0000] {processor.py:830} INFO - Processing file /opt/airflow/dags/git_repo_dag.py for tasks to queue
[2024-02-05T23:08:59.045+0000] {logging_mixin.py:188} INFO - [2024-02-05T23:08:59.045+0000] {dagbag.py:538} INFO - Filling up the DagBag from /opt/airflow/dags/git_repo_dag.py
[2024-02-05T23:08:59.067+0000] {processor.py:840} INFO - DAG(s) 'git_repo_dag' retrieved from /opt/airflow/dags/git_repo_dag.py
[2024-02-05T23:08:59.089+0000] {logging_mixin.py:188} INFO - [2024-02-05T23:08:59.089+0000] {dag.py:3036} INFO - Sync 1 DAGs
[2024-02-05T23:08:59.112+0000] {logging_mixin.py:188} INFO - [2024-02-05T23:08:59.112+0000] {dag.py:3823} INFO - Setting next_dagrun for git_repo_dag to 2024-02-05 21:00:00+00:00, run_after=2024-02-06 21:00:00+00:00
[2024-02-05T23:08:59.164+0000] {processor.py:183} INFO - Processing /opt/airflow/dags/git_repo_dag.py took 0.124 seconds
[2024-02-05T23:09:29.707+0000] {processor.py:161} INFO - Started process (PID=136) to work on /opt/airflow/dags/git_repo_dag.py
[2024-02-05T23:09:29.708+0000] {processor.py:830} INFO - Processing file /opt/airflow/dags/git_repo_dag.py for tasks to queue
[2024-02-05T23:09:29.710+0000] {logging_mixin.py:188} INFO - [2024-02-05T23:09:29.709+0000] {dagbag.py:538} INFO - Filling up the DagBag from /opt/airflow/dags/git_repo_dag.py
[2024-02-05T23:09:29.734+0000] {processor.py:840} INFO - DAG(s) 'git_repo_dag' retrieved from /opt/airflow/dags/git_repo_dag.py
[2024-02-05T23:09:29.758+0000] {logging_mixin.py:188} INFO - [2024-02-05T23:09:29.758+0000] {dag.py:3036} INFO - Sync 1 DAGs
[2024-02-05T23:09:29.782+0000] {logging_mixin.py:188} INFO - [2024-02-05T23:09:29.782+0000] {dag.py:3823} INFO - Setting next_dagrun for git_repo_dag to 2024-02-05 21:00:00+00:00, run_after=2024-02-06 21:00:00+00:00
[2024-02-05T23:09:29.840+0000] {processor.py:183} INFO - Processing /opt/airflow/dags/git_repo_dag.py took 0.135 seconds
[2024-02-05T23:10:00.384+0000] {processor.py:161} INFO - Started process (PID=138) to work on /opt/airflow/dags/git_repo_dag.py
[2024-02-05T23:10:00.385+0000] {processor.py:830} INFO - Processing file /opt/airflow/dags/git_repo_dag.py for tasks to queue
[2024-02-05T23:10:00.386+0000] {logging_mixin.py:188} INFO - [2024-02-05T23:10:00.386+0000] {dagbag.py:538} INFO - Filling up the DagBag from /opt/airflow/dags/git_repo_dag.py
[2024-02-05T23:10:00.408+0000] {processor.py:840} INFO - DAG(s) 'git_repo_dag' retrieved from /opt/airflow/dags/git_repo_dag.py
[2024-02-05T23:10:00.432+0000] {logging_mixin.py:188} INFO - [2024-02-05T23:10:00.431+0000] {dag.py:3036} INFO - Sync 1 DAGs
[2024-02-05T23:10:00.455+0000] {logging_mixin.py:188} INFO - [2024-02-05T23:10:00.455+0000] {dag.py:3823} INFO - Setting next_dagrun for git_repo_dag to 2024-02-05 21:00:00+00:00, run_after=2024-02-06 21:00:00+00:00
[2024-02-05T23:10:00.514+0000] {processor.py:183} INFO - Processing /opt/airflow/dags/git_repo_dag.py took 0.131 seconds
[2024-02-05T23:10:31.217+0000] {processor.py:161} INFO - Started process (PID=140) to work on /opt/airflow/dags/git_repo_dag.py
[2024-02-05T23:10:31.219+0000] {processor.py:830} INFO - Processing file /opt/airflow/dags/git_repo_dag.py for tasks to queue
[2024-02-05T23:10:31.221+0000] {logging_mixin.py:188} INFO - [2024-02-05T23:10:31.220+0000] {dagbag.py:538} INFO - Filling up the DagBag from /opt/airflow/dags/git_repo_dag.py
[2024-02-05T23:10:31.250+0000] {processor.py:840} INFO - DAG(s) 'git_repo_dag' retrieved from /opt/airflow/dags/git_repo_dag.py
[2024-02-05T23:10:31.277+0000] {logging_mixin.py:188} INFO - [2024-02-05T23:10:31.277+0000] {dag.py:3036} INFO - Sync 1 DAGs
[2024-02-05T23:10:31.303+0000] {logging_mixin.py:188} INFO - [2024-02-05T23:10:31.303+0000] {dag.py:3823} INFO - Setting next_dagrun for git_repo_dag to 2024-02-05 21:00:00+00:00, run_after=2024-02-06 21:00:00+00:00
[2024-02-05T23:10:31.379+0000] {processor.py:183} INFO - Processing /opt/airflow/dags/git_repo_dag.py took 0.165 seconds
[2024-02-05T23:11:01.843+0000] {processor.py:161} INFO - Started process (PID=142) to work on /opt/airflow/dags/git_repo_dag.py
[2024-02-05T23:11:01.844+0000] {processor.py:830} INFO - Processing file /opt/airflow/dags/git_repo_dag.py for tasks to queue
[2024-02-05T23:11:01.845+0000] {logging_mixin.py:188} INFO - [2024-02-05T23:11:01.845+0000] {dagbag.py:538} INFO - Filling up the DagBag from /opt/airflow/dags/git_repo_dag.py
[2024-02-05T23:11:01.868+0000] {processor.py:840} INFO - DAG(s) 'git_repo_dag' retrieved from /opt/airflow/dags/git_repo_dag.py
[2024-02-05T23:11:01.893+0000] {logging_mixin.py:188} INFO - [2024-02-05T23:11:01.893+0000] {dag.py:3036} INFO - Sync 1 DAGs
[2024-02-05T23:11:01.919+0000] {logging_mixin.py:188} INFO - [2024-02-05T23:11:01.918+0000] {dag.py:3823} INFO - Setting next_dagrun for git_repo_dag to 2024-02-05 21:00:00+00:00, run_after=2024-02-06 21:00:00+00:00
[2024-02-05T23:11:01.977+0000] {processor.py:183} INFO - Processing /opt/airflow/dags/git_repo_dag.py took 0.135 seconds
[2024-02-05T23:11:32.720+0000] {processor.py:161} INFO - Started process (PID=144) to work on /opt/airflow/dags/git_repo_dag.py
[2024-02-05T23:11:32.722+0000] {processor.py:830} INFO - Processing file /opt/airflow/dags/git_repo_dag.py for tasks to queue
[2024-02-05T23:11:32.724+0000] {logging_mixin.py:188} INFO - [2024-02-05T23:11:32.723+0000] {dagbag.py:538} INFO - Filling up the DagBag from /opt/airflow/dags/git_repo_dag.py
[2024-02-05T23:11:32.751+0000] {processor.py:840} INFO - DAG(s) 'git_repo_dag' retrieved from /opt/airflow/dags/git_repo_dag.py
[2024-02-05T23:11:32.778+0000] {logging_mixin.py:188} INFO - [2024-02-05T23:11:32.778+0000] {dag.py:3036} INFO - Sync 1 DAGs
[2024-02-05T23:11:32.805+0000] {logging_mixin.py:188} INFO - [2024-02-05T23:11:32.805+0000] {dag.py:3823} INFO - Setting next_dagrun for git_repo_dag to 2024-02-05 21:00:00+00:00, run_after=2024-02-06 21:00:00+00:00
[2024-02-05T23:11:32.878+0000] {processor.py:183} INFO - Processing /opt/airflow/dags/git_repo_dag.py took 0.162 seconds
[2024-02-05T23:12:03.418+0000] {processor.py:161} INFO - Started process (PID=146) to work on /opt/airflow/dags/git_repo_dag.py
[2024-02-05T23:12:03.419+0000] {processor.py:830} INFO - Processing file /opt/airflow/dags/git_repo_dag.py for tasks to queue
[2024-02-05T23:12:03.420+0000] {logging_mixin.py:188} INFO - [2024-02-05T23:12:03.420+0000] {dagbag.py:538} INFO - Filling up the DagBag from /opt/airflow/dags/git_repo_dag.py
[2024-02-05T23:12:03.442+0000] {processor.py:840} INFO - DAG(s) 'git_repo_dag' retrieved from /opt/airflow/dags/git_repo_dag.py
[2024-02-05T23:12:03.467+0000] {logging_mixin.py:188} INFO - [2024-02-05T23:12:03.467+0000] {dag.py:3036} INFO - Sync 1 DAGs
[2024-02-05T23:12:03.493+0000] {logging_mixin.py:188} INFO - [2024-02-05T23:12:03.493+0000] {dag.py:3823} INFO - Setting next_dagrun for git_repo_dag to 2024-02-05 21:00:00+00:00, run_after=2024-02-06 21:00:00+00:00
[2024-02-05T23:12:03.565+0000] {processor.py:183} INFO - Processing /opt/airflow/dags/git_repo_dag.py took 0.148 seconds
[2024-02-05T23:12:34.427+0000] {processor.py:161} INFO - Started process (PID=148) to work on /opt/airflow/dags/git_repo_dag.py
[2024-02-05T23:12:34.428+0000] {processor.py:830} INFO - Processing file /opt/airflow/dags/git_repo_dag.py for tasks to queue
[2024-02-05T23:12:34.429+0000] {logging_mixin.py:188} INFO - [2024-02-05T23:12:34.429+0000] {dagbag.py:538} INFO - Filling up the DagBag from /opt/airflow/dags/git_repo_dag.py
[2024-02-05T23:12:34.455+0000] {processor.py:840} INFO - DAG(s) 'git_repo_dag' retrieved from /opt/airflow/dags/git_repo_dag.py
[2024-02-05T23:12:34.479+0000] {logging_mixin.py:188} INFO - [2024-02-05T23:12:34.479+0000] {dag.py:3036} INFO - Sync 1 DAGs
[2024-02-05T23:12:34.504+0000] {logging_mixin.py:188} INFO - [2024-02-05T23:12:34.504+0000] {dag.py:3823} INFO - Setting next_dagrun for git_repo_dag to 2024-02-05 21:00:00+00:00, run_after=2024-02-06 21:00:00+00:00
[2024-02-05T23:12:34.566+0000] {processor.py:183} INFO - Processing /opt/airflow/dags/git_repo_dag.py took 0.141 seconds
[2024-02-05T23:13:05.191+0000] {processor.py:161} INFO - Started process (PID=150) to work on /opt/airflow/dags/git_repo_dag.py
[2024-02-05T23:13:05.192+0000] {processor.py:830} INFO - Processing file /opt/airflow/dags/git_repo_dag.py for tasks to queue
[2024-02-05T23:13:05.193+0000] {logging_mixin.py:188} INFO - [2024-02-05T23:13:05.193+0000] {dagbag.py:538} INFO - Filling up the DagBag from /opt/airflow/dags/git_repo_dag.py
[2024-02-05T23:13:05.221+0000] {processor.py:840} INFO - DAG(s) 'git_repo_dag' retrieved from /opt/airflow/dags/git_repo_dag.py
[2024-02-05T23:13:05.248+0000] {logging_mixin.py:188} INFO - [2024-02-05T23:13:05.248+0000] {dag.py:3036} INFO - Sync 1 DAGs
[2024-02-05T23:13:05.275+0000] {logging_mixin.py:188} INFO - [2024-02-05T23:13:05.274+0000] {dag.py:3823} INFO - Setting next_dagrun for git_repo_dag to 2024-02-05 21:00:00+00:00, run_after=2024-02-06 21:00:00+00:00
[2024-02-05T23:13:05.339+0000] {processor.py:183} INFO - Processing /opt/airflow/dags/git_repo_dag.py took 0.150 seconds
[2024-02-05T23:13:35.893+0000] {processor.py:161} INFO - Started process (PID=152) to work on /opt/airflow/dags/git_repo_dag.py
[2024-02-05T23:13:35.894+0000] {processor.py:830} INFO - Processing file /opt/airflow/dags/git_repo_dag.py for tasks to queue
[2024-02-05T23:13:35.896+0000] {logging_mixin.py:188} INFO - [2024-02-05T23:13:35.895+0000] {dagbag.py:538} INFO - Filling up the DagBag from /opt/airflow/dags/git_repo_dag.py
[2024-02-05T23:13:35.920+0000] {processor.py:840} INFO - DAG(s) 'git_repo_dag' retrieved from /opt/airflow/dags/git_repo_dag.py
[2024-02-05T23:13:35.946+0000] {logging_mixin.py:188} INFO - [2024-02-05T23:13:35.945+0000] {dag.py:3036} INFO - Sync 1 DAGs
[2024-02-05T23:13:35.971+0000] {logging_mixin.py:188} INFO - [2024-02-05T23:13:35.970+0000] {dag.py:3823} INFO - Setting next_dagrun for git_repo_dag to 2024-02-05 21:00:00+00:00, run_after=2024-02-06 21:00:00+00:00
[2024-02-05T23:13:36.032+0000] {processor.py:183} INFO - Processing /opt/airflow/dags/git_repo_dag.py took 0.141 seconds
[2024-02-05T23:14:06.652+0000] {processor.py:161} INFO - Started process (PID=154) to work on /opt/airflow/dags/git_repo_dag.py
[2024-02-05T23:14:06.653+0000] {processor.py:830} INFO - Processing file /opt/airflow/dags/git_repo_dag.py for tasks to queue
[2024-02-05T23:14:06.654+0000] {logging_mixin.py:188} INFO - [2024-02-05T23:14:06.653+0000] {dagbag.py:538} INFO - Filling up the DagBag from /opt/airflow/dags/git_repo_dag.py
[2024-02-05T23:14:06.681+0000] {processor.py:840} INFO - DAG(s) 'git_repo_dag' retrieved from /opt/airflow/dags/git_repo_dag.py
[2024-02-05T23:14:06.707+0000] {logging_mixin.py:188} INFO - [2024-02-05T23:14:06.706+0000] {dag.py:3036} INFO - Sync 1 DAGs
[2024-02-05T23:14:06.732+0000] {logging_mixin.py:188} INFO - [2024-02-05T23:14:06.732+0000] {dag.py:3823} INFO - Setting next_dagrun for git_repo_dag to 2024-02-05 21:00:00+00:00, run_after=2024-02-06 21:00:00+00:00
[2024-02-05T23:14:06.794+0000] {processor.py:183} INFO - Processing /opt/airflow/dags/git_repo_dag.py took 0.144 seconds
[2024-02-05T23:14:37.458+0000] {processor.py:161} INFO - Started process (PID=156) to work on /opt/airflow/dags/git_repo_dag.py
[2024-02-05T23:14:37.459+0000] {processor.py:830} INFO - Processing file /opt/airflow/dags/git_repo_dag.py for tasks to queue
[2024-02-05T23:14:37.460+0000] {logging_mixin.py:188} INFO - [2024-02-05T23:14:37.460+0000] {dagbag.py:538} INFO - Filling up the DagBag from /opt/airflow/dags/git_repo_dag.py
[2024-02-05T23:14:37.484+0000] {processor.py:840} INFO - DAG(s) 'git_repo_dag' retrieved from /opt/airflow/dags/git_repo_dag.py
[2024-02-05T23:14:37.509+0000] {logging_mixin.py:188} INFO - [2024-02-05T23:14:37.508+0000] {dag.py:3036} INFO - Sync 1 DAGs
[2024-02-05T23:14:37.533+0000] {logging_mixin.py:188} INFO - [2024-02-05T23:14:37.533+0000] {dag.py:3823} INFO - Setting next_dagrun for git_repo_dag to 2024-02-05 21:00:00+00:00, run_after=2024-02-06 21:00:00+00:00
[2024-02-05T23:14:37.594+0000] {processor.py:183} INFO - Processing /opt/airflow/dags/git_repo_dag.py took 0.138 seconds
[2024-02-05T23:15:08.185+0000] {processor.py:161} INFO - Started process (PID=158) to work on /opt/airflow/dags/git_repo_dag.py
[2024-02-05T23:15:08.186+0000] {processor.py:830} INFO - Processing file /opt/airflow/dags/git_repo_dag.py for tasks to queue
[2024-02-05T23:15:08.187+0000] {logging_mixin.py:188} INFO - [2024-02-05T23:15:08.187+0000] {dagbag.py:538} INFO - Filling up the DagBag from /opt/airflow/dags/git_repo_dag.py
[2024-02-05T23:15:08.243+0000] {processor.py:840} INFO - DAG(s) 'git_repo_dag' retrieved from /opt/airflow/dags/git_repo_dag.py
[2024-02-05T23:15:08.273+0000] {logging_mixin.py:188} INFO - [2024-02-05T23:15:08.273+0000] {dag.py:3036} INFO - Sync 1 DAGs
[2024-02-05T23:15:08.297+0000] {logging_mixin.py:188} INFO - [2024-02-05T23:15:08.296+0000] {dag.py:3823} INFO - Setting next_dagrun for git_repo_dag to 2024-02-05 21:00:00+00:00, run_after=2024-02-06 21:00:00+00:00
[2024-02-05T23:15:08.385+0000] {processor.py:183} INFO - Processing /opt/airflow/dags/git_repo_dag.py took 0.202 seconds
[2024-02-05T23:15:38.927+0000] {processor.py:161} INFO - Started process (PID=160) to work on /opt/airflow/dags/git_repo_dag.py
[2024-02-05T23:15:38.928+0000] {processor.py:830} INFO - Processing file /opt/airflow/dags/git_repo_dag.py for tasks to queue
[2024-02-05T23:15:38.929+0000] {logging_mixin.py:188} INFO - [2024-02-05T23:15:38.929+0000] {dagbag.py:538} INFO - Filling up the DagBag from /opt/airflow/dags/git_repo_dag.py
[2024-02-05T23:15:38.952+0000] {processor.py:840} INFO - DAG(s) 'git_repo_dag' retrieved from /opt/airflow/dags/git_repo_dag.py
[2024-02-05T23:15:38.976+0000] {logging_mixin.py:188} INFO - [2024-02-05T23:15:38.976+0000] {dag.py:3036} INFO - Sync 1 DAGs
[2024-02-05T23:15:39.000+0000] {logging_mixin.py:188} INFO - [2024-02-05T23:15:39.000+0000] {dag.py:3823} INFO - Setting next_dagrun for git_repo_dag to 2024-02-05 21:00:00+00:00, run_after=2024-02-06 21:00:00+00:00
[2024-02-05T23:15:39.062+0000] {processor.py:183} INFO - Processing /opt/airflow/dags/git_repo_dag.py took 0.137 seconds
[2024-02-05T23:16:09.646+0000] {processor.py:161} INFO - Started process (PID=162) to work on /opt/airflow/dags/git_repo_dag.py
[2024-02-05T23:16:09.647+0000] {processor.py:830} INFO - Processing file /opt/airflow/dags/git_repo_dag.py for tasks to queue
[2024-02-05T23:16:09.648+0000] {logging_mixin.py:188} INFO - [2024-02-05T23:16:09.648+0000] {dagbag.py:538} INFO - Filling up the DagBag from /opt/airflow/dags/git_repo_dag.py
[2024-02-05T23:16:09.668+0000] {processor.py:840} INFO - DAG(s) 'git_repo_dag' retrieved from /opt/airflow/dags/git_repo_dag.py
[2024-02-05T23:16:09.691+0000] {logging_mixin.py:188} INFO - [2024-02-05T23:16:09.691+0000] {dag.py:3036} INFO - Sync 1 DAGs
[2024-02-05T23:16:09.716+0000] {logging_mixin.py:188} INFO - [2024-02-05T23:16:09.715+0000] {dag.py:3823} INFO - Setting next_dagrun for git_repo_dag to 2024-02-05 21:00:00+00:00, run_after=2024-02-06 21:00:00+00:00
[2024-02-05T23:16:09.776+0000] {processor.py:183} INFO - Processing /opt/airflow/dags/git_repo_dag.py took 0.132 seconds
[2024-02-05T23:16:40.405+0000] {processor.py:161} INFO - Started process (PID=164) to work on /opt/airflow/dags/git_repo_dag.py
[2024-02-05T23:16:40.406+0000] {processor.py:830} INFO - Processing file /opt/airflow/dags/git_repo_dag.py for tasks to queue
[2024-02-05T23:16:40.407+0000] {logging_mixin.py:188} INFO - [2024-02-05T23:16:40.407+0000] {dagbag.py:538} INFO - Filling up the DagBag from /opt/airflow/dags/git_repo_dag.py
[2024-02-05T23:16:40.437+0000] {processor.py:840} INFO - DAG(s) 'git_repo_dag' retrieved from /opt/airflow/dags/git_repo_dag.py
[2024-02-05T23:16:40.469+0000] {logging_mixin.py:188} INFO - [2024-02-05T23:16:40.469+0000] {dag.py:3036} INFO - Sync 1 DAGs
[2024-02-05T23:16:40.498+0000] {logging_mixin.py:188} INFO - [2024-02-05T23:16:40.497+0000] {dag.py:3823} INFO - Setting next_dagrun for git_repo_dag to 2024-02-05 21:00:00+00:00, run_after=2024-02-06 21:00:00+00:00
[2024-02-05T23:16:40.555+0000] {processor.py:183} INFO - Processing /opt/airflow/dags/git_repo_dag.py took 0.153 seconds
[2024-02-05T23:16:43.018+0000] {processor.py:161} INFO - Started process (PID=166) to work on /opt/airflow/dags/git_repo_dag.py
[2024-02-05T23:16:43.019+0000] {processor.py:830} INFO - Processing file /opt/airflow/dags/git_repo_dag.py for tasks to queue
[2024-02-05T23:16:43.020+0000] {logging_mixin.py:188} INFO - [2024-02-05T23:16:43.020+0000] {dagbag.py:538} INFO - Filling up the DagBag from /opt/airflow/dags/git_repo_dag.py
[2024-02-05T23:16:43.052+0000] {processor.py:840} INFO - DAG(s) 'git_repo_dag' retrieved from /opt/airflow/dags/git_repo_dag.py
[2024-02-05T23:16:43.076+0000] {logging_mixin.py:188} INFO - [2024-02-05T23:16:43.076+0000] {dag.py:3036} INFO - Sync 1 DAGs
[2024-02-05T23:16:43.101+0000] {logging_mixin.py:188} INFO - [2024-02-05T23:16:43.100+0000] {dag.py:3823} INFO - Setting next_dagrun for git_repo_dag to 2024-02-05 21:00:00+00:00, run_after=2024-02-06 21:00:00+00:00
[2024-02-05T23:16:43.163+0000] {processor.py:183} INFO - Processing /opt/airflow/dags/git_repo_dag.py took 0.146 seconds
[2024-02-05T23:17:13.266+0000] {processor.py:161} INFO - Started process (PID=168) to work on /opt/airflow/dags/git_repo_dag.py
[2024-02-05T23:17:13.266+0000] {processor.py:830} INFO - Processing file /opt/airflow/dags/git_repo_dag.py for tasks to queue
[2024-02-05T23:17:13.267+0000] {logging_mixin.py:188} INFO - [2024-02-05T23:17:13.267+0000] {dagbag.py:538} INFO - Filling up the DagBag from /opt/airflow/dags/git_repo_dag.py
[2024-02-05T23:17:13.288+0000] {processor.py:840} INFO - DAG(s) 'git_repo_dag' retrieved from /opt/airflow/dags/git_repo_dag.py
[2024-02-05T23:17:13.312+0000] {logging_mixin.py:188} INFO - [2024-02-05T23:17:13.312+0000] {dag.py:3036} INFO - Sync 1 DAGs
[2024-02-05T23:17:13.336+0000] {logging_mixin.py:188} INFO - [2024-02-05T23:17:13.336+0000] {dag.py:3823} INFO - Setting next_dagrun for git_repo_dag to 2024-02-05 21:00:00+00:00, run_after=2024-02-06 21:00:00+00:00
[2024-02-05T23:17:13.391+0000] {processor.py:183} INFO - Processing /opt/airflow/dags/git_repo_dag.py took 0.127 seconds
[2024-02-05T23:17:43.551+0000] {processor.py:161} INFO - Started process (PID=170) to work on /opt/airflow/dags/git_repo_dag.py
[2024-02-05T23:17:43.552+0000] {processor.py:830} INFO - Processing file /opt/airflow/dags/git_repo_dag.py for tasks to queue
[2024-02-05T23:17:43.553+0000] {logging_mixin.py:188} INFO - [2024-02-05T23:17:43.553+0000] {dagbag.py:538} INFO - Filling up the DagBag from /opt/airflow/dags/git_repo_dag.py
[2024-02-05T23:17:43.582+0000] {processor.py:840} INFO - DAG(s) 'git_repo_dag' retrieved from /opt/airflow/dags/git_repo_dag.py
[2024-02-05T23:17:43.615+0000] {logging_mixin.py:188} INFO - [2024-02-05T23:17:43.615+0000] {dag.py:3036} INFO - Sync 1 DAGs
[2024-02-05T23:17:43.646+0000] {logging_mixin.py:188} INFO - [2024-02-05T23:17:43.645+0000] {dag.py:3823} INFO - Setting next_dagrun for git_repo_dag to 2024-02-05 21:00:00+00:00, run_after=2024-02-06 21:00:00+00:00
[2024-02-05T23:17:43.718+0000] {processor.py:183} INFO - Processing /opt/airflow/dags/git_repo_dag.py took 0.169 seconds
[2024-02-05T23:17:58.232+0000] {processor.py:161} INFO - Started process (PID=171) to work on /opt/airflow/dags/git_repo_dag.py
[2024-02-05T23:17:58.233+0000] {processor.py:830} INFO - Processing file /opt/airflow/dags/git_repo_dag.py for tasks to queue
[2024-02-05T23:17:58.234+0000] {logging_mixin.py:188} INFO - [2024-02-05T23:17:58.234+0000] {dagbag.py:538} INFO - Filling up the DagBag from /opt/airflow/dags/git_repo_dag.py
[2024-02-05T23:17:58.269+0000] {processor.py:840} INFO - DAG(s) 'git_repo_dag' retrieved from /opt/airflow/dags/git_repo_dag.py
[2024-02-05T23:17:58.295+0000] {logging_mixin.py:188} INFO - [2024-02-05T23:17:58.295+0000] {dag.py:3036} INFO - Sync 1 DAGs
[2024-02-05T23:17:58.321+0000] {logging_mixin.py:188} INFO - [2024-02-05T23:17:58.321+0000] {dag.py:3823} INFO - Setting next_dagrun for git_repo_dag to 2024-02-05 21:00:00+00:00, run_after=2024-02-06 21:00:00+00:00
[2024-02-05T23:17:58.385+0000] {processor.py:183} INFO - Processing /opt/airflow/dags/git_repo_dag.py took 0.154 seconds
[2024-02-05T23:18:32.279+0000] {processor.py:161} INFO - Started process (PID=69) to work on /opt/airflow/dags/git_repo_dag.py
[2024-02-05T23:18:32.280+0000] {processor.py:830} INFO - Processing file /opt/airflow/dags/git_repo_dag.py for tasks to queue
[2024-02-05T23:18:32.281+0000] {logging_mixin.py:188} INFO - [2024-02-05T23:18:32.281+0000] {dagbag.py:538} INFO - Filling up the DagBag from /opt/airflow/dags/git_repo_dag.py
[2024-02-05T23:18:32.307+0000] {processor.py:840} INFO - DAG(s) 'git_repo_dag' retrieved from /opt/airflow/dags/git_repo_dag.py
[2024-02-05T23:18:32.323+0000] {logging_mixin.py:188} INFO - [2024-02-05T23:18:32.322+0000] {dag.py:3036} INFO - Sync 1 DAGs
[2024-02-05T23:18:32.360+0000] {logging_mixin.py:188} INFO - [2024-02-05T23:18:32.359+0000] {dag.py:3823} INFO - Setting next_dagrun for git_repo_dag to 2024-02-05 21:00:00+00:00, run_after=2024-02-06 21:00:00+00:00
[2024-02-05T23:18:32.417+0000] {processor.py:183} INFO - Processing /opt/airflow/dags/git_repo_dag.py took 0.140 seconds
[2024-02-05T23:19:02.602+0000] {processor.py:161} INFO - Started process (PID=88) to work on /opt/airflow/dags/git_repo_dag.py
[2024-02-05T23:19:02.603+0000] {processor.py:830} INFO - Processing file /opt/airflow/dags/git_repo_dag.py for tasks to queue
[2024-02-05T23:19:02.604+0000] {logging_mixin.py:188} INFO - [2024-02-05T23:19:02.604+0000] {dagbag.py:538} INFO - Filling up the DagBag from /opt/airflow/dags/git_repo_dag.py
[2024-02-05T23:19:02.629+0000] {processor.py:840} INFO - DAG(s) 'git_repo_dag' retrieved from /opt/airflow/dags/git_repo_dag.py
[2024-02-05T23:19:02.763+0000] {logging_mixin.py:188} INFO - [2024-02-05T23:19:02.763+0000] {dag.py:3036} INFO - Sync 1 DAGs
[2024-02-05T23:19:02.789+0000] {logging_mixin.py:188} INFO - [2024-02-05T23:19:02.789+0000] {dag.py:3823} INFO - Setting next_dagrun for git_repo_dag to 2024-02-05 21:00:00+00:00, run_after=2024-02-06 21:00:00+00:00
[2024-02-05T23:19:02.859+0000] {processor.py:183} INFO - Processing /opt/airflow/dags/git_repo_dag.py took 0.259 seconds
[2024-02-05T23:19:36.080+0000] {processor.py:161} INFO - Started process (PID=104) to work on /opt/airflow/dags/git_repo_dag.py
[2024-02-05T23:19:36.081+0000] {processor.py:830} INFO - Processing file /opt/airflow/dags/git_repo_dag.py for tasks to queue
[2024-02-05T23:19:36.082+0000] {logging_mixin.py:188} INFO - [2024-02-05T23:19:36.082+0000] {dagbag.py:538} INFO - Filling up the DagBag from /opt/airflow/dags/git_repo_dag.py
[2024-02-05T23:19:36.104+0000] {processor.py:840} INFO - DAG(s) 'git_repo_dag' retrieved from /opt/airflow/dags/git_repo_dag.py
[2024-02-05T23:19:36.129+0000] {logging_mixin.py:188} INFO - [2024-02-05T23:19:36.129+0000] {dag.py:3036} INFO - Sync 1 DAGs
[2024-02-05T23:19:36.153+0000] {logging_mixin.py:188} INFO - [2024-02-05T23:19:36.153+0000] {dag.py:3823} INFO - Setting next_dagrun for git_repo_dag to 2024-02-05 21:00:00+00:00, run_after=2024-02-06 21:00:00+00:00
[2024-02-05T23:19:36.211+0000] {processor.py:183} INFO - Processing /opt/airflow/dags/git_repo_dag.py took 0.133 seconds
[2024-02-05T23:20:06.756+0000] {processor.py:161} INFO - Started process (PID=106) to work on /opt/airflow/dags/git_repo_dag.py
[2024-02-05T23:20:06.757+0000] {processor.py:830} INFO - Processing file /opt/airflow/dags/git_repo_dag.py for tasks to queue
[2024-02-05T23:20:06.758+0000] {logging_mixin.py:188} INFO - [2024-02-05T23:20:06.757+0000] {dagbag.py:538} INFO - Filling up the DagBag from /opt/airflow/dags/git_repo_dag.py
[2024-02-05T23:20:06.781+0000] {processor.py:840} INFO - DAG(s) 'git_repo_dag' retrieved from /opt/airflow/dags/git_repo_dag.py
[2024-02-05T23:20:06.812+0000] {logging_mixin.py:188} INFO - [2024-02-05T23:20:06.811+0000] {dag.py:3036} INFO - Sync 1 DAGs
[2024-02-05T23:20:06.837+0000] {logging_mixin.py:188} INFO - [2024-02-05T23:20:06.837+0000] {dag.py:3823} INFO - Setting next_dagrun for git_repo_dag to 2024-02-05 21:00:00+00:00, run_after=2024-02-06 21:00:00+00:00
[2024-02-05T23:20:06.901+0000] {processor.py:183} INFO - Processing /opt/airflow/dags/git_repo_dag.py took 0.147 seconds
[2024-02-05T23:20:37.654+0000] {processor.py:161} INFO - Started process (PID=108) to work on /opt/airflow/dags/git_repo_dag.py
[2024-02-05T23:20:37.655+0000] {processor.py:830} INFO - Processing file /opt/airflow/dags/git_repo_dag.py for tasks to queue
[2024-02-05T23:20:37.655+0000] {logging_mixin.py:188} INFO - [2024-02-05T23:20:37.655+0000] {dagbag.py:538} INFO - Filling up the DagBag from /opt/airflow/dags/git_repo_dag.py
[2024-02-05T23:20:37.677+0000] {processor.py:840} INFO - DAG(s) 'git_repo_dag' retrieved from /opt/airflow/dags/git_repo_dag.py
[2024-02-05T23:20:37.703+0000] {logging_mixin.py:188} INFO - [2024-02-05T23:20:37.702+0000] {dag.py:3036} INFO - Sync 1 DAGs
[2024-02-05T23:20:37.727+0000] {logging_mixin.py:188} INFO - [2024-02-05T23:20:37.726+0000] {dag.py:3823} INFO - Setting next_dagrun for git_repo_dag to 2024-02-05 21:00:00+00:00, run_after=2024-02-06 21:00:00+00:00
[2024-02-05T23:20:37.785+0000] {processor.py:183} INFO - Processing /opt/airflow/dags/git_repo_dag.py took 0.133 seconds
[2024-02-05T23:21:07.988+0000] {processor.py:161} INFO - Started process (PID=110) to work on /opt/airflow/dags/git_repo_dag.py
[2024-02-05T23:21:07.989+0000] {processor.py:830} INFO - Processing file /opt/airflow/dags/git_repo_dag.py for tasks to queue
[2024-02-05T23:21:07.991+0000] {logging_mixin.py:188} INFO - [2024-02-05T23:21:07.990+0000] {dagbag.py:538} INFO - Filling up the DagBag from /opt/airflow/dags/git_repo_dag.py
[2024-02-05T23:21:08.032+0000] {processor.py:840} INFO - DAG(s) 'git_repo_dag' retrieved from /opt/airflow/dags/git_repo_dag.py
[2024-02-05T23:21:08.068+0000] {logging_mixin.py:188} INFO - [2024-02-05T23:21:08.068+0000] {dag.py:3036} INFO - Sync 1 DAGs
[2024-02-05T23:21:08.107+0000] {logging_mixin.py:188} INFO - [2024-02-05T23:21:08.107+0000] {dag.py:3823} INFO - Setting next_dagrun for git_repo_dag to 2024-02-05 21:00:00+00:00, run_after=2024-02-06 21:00:00+00:00
[2024-02-05T23:21:08.182+0000] {processor.py:183} INFO - Processing /opt/airflow/dags/git_repo_dag.py took 0.198 seconds
[2024-02-05T23:21:39.284+0000] {processor.py:161} INFO - Started process (PID=112) to work on /opt/airflow/dags/git_repo_dag.py
[2024-02-05T23:21:39.285+0000] {processor.py:830} INFO - Processing file /opt/airflow/dags/git_repo_dag.py for tasks to queue
[2024-02-05T23:21:39.287+0000] {logging_mixin.py:188} INFO - [2024-02-05T23:21:39.286+0000] {dagbag.py:538} INFO - Filling up the DagBag from /opt/airflow/dags/git_repo_dag.py
[2024-02-05T23:21:39.313+0000] {processor.py:840} INFO - DAG(s) 'git_repo_dag' retrieved from /opt/airflow/dags/git_repo_dag.py
[2024-02-05T23:21:39.339+0000] {logging_mixin.py:188} INFO - [2024-02-05T23:21:39.339+0000] {dag.py:3036} INFO - Sync 1 DAGs
[2024-02-05T23:21:39.364+0000] {logging_mixin.py:188} INFO - [2024-02-05T23:21:39.364+0000] {dag.py:3823} INFO - Setting next_dagrun for git_repo_dag to 2024-02-05 21:00:00+00:00, run_after=2024-02-06 21:00:00+00:00
[2024-02-05T23:21:39.431+0000] {processor.py:183} INFO - Processing /opt/airflow/dags/git_repo_dag.py took 0.148 seconds
[2024-02-05T23:22:10.189+0000] {processor.py:161} INFO - Started process (PID=128) to work on /opt/airflow/dags/git_repo_dag.py
[2024-02-05T23:22:10.190+0000] {processor.py:830} INFO - Processing file /opt/airflow/dags/git_repo_dag.py for tasks to queue
[2024-02-05T23:22:10.191+0000] {logging_mixin.py:188} INFO - [2024-02-05T23:22:10.191+0000] {dagbag.py:538} INFO - Filling up the DagBag from /opt/airflow/dags/git_repo_dag.py
[2024-02-05T23:22:10.215+0000] {processor.py:840} INFO - DAG(s) 'git_repo_dag' retrieved from /opt/airflow/dags/git_repo_dag.py
[2024-02-05T23:22:10.242+0000] {logging_mixin.py:188} INFO - [2024-02-05T23:22:10.241+0000] {dag.py:3036} INFO - Sync 1 DAGs
[2024-02-05T23:22:10.268+0000] {logging_mixin.py:188} INFO - [2024-02-05T23:22:10.267+0000] {dag.py:3823} INFO - Setting next_dagrun for git_repo_dag to 2024-02-05 21:00:00+00:00, run_after=2024-02-06 21:00:00+00:00
[2024-02-05T23:22:10.330+0000] {processor.py:183} INFO - Processing /opt/airflow/dags/git_repo_dag.py took 0.143 seconds
[2024-02-05T23:22:41.169+0000] {processor.py:161} INFO - Started process (PID=130) to work on /opt/airflow/dags/git_repo_dag.py
[2024-02-05T23:22:41.170+0000] {processor.py:830} INFO - Processing file /opt/airflow/dags/git_repo_dag.py for tasks to queue
[2024-02-05T23:22:41.171+0000] {logging_mixin.py:188} INFO - [2024-02-05T23:22:41.170+0000] {dagbag.py:538} INFO - Filling up the DagBag from /opt/airflow/dags/git_repo_dag.py
[2024-02-05T23:22:41.205+0000] {processor.py:840} INFO - DAG(s) 'git_repo_dag' retrieved from /opt/airflow/dags/git_repo_dag.py
[2024-02-05T23:22:41.242+0000] {logging_mixin.py:188} INFO - [2024-02-05T23:22:41.241+0000] {dag.py:3036} INFO - Sync 1 DAGs
[2024-02-05T23:22:41.273+0000] {logging_mixin.py:188} INFO - [2024-02-05T23:22:41.273+0000] {dag.py:3823} INFO - Setting next_dagrun for git_repo_dag to 2024-02-05 21:00:00+00:00, run_after=2024-02-06 21:00:00+00:00
[2024-02-05T23:22:41.334+0000] {processor.py:183} INFO - Processing /opt/airflow/dags/git_repo_dag.py took 0.167 seconds
[2024-02-05T23:23:11.787+0000] {processor.py:161} INFO - Started process (PID=132) to work on /opt/airflow/dags/git_repo_dag.py
[2024-02-05T23:23:11.789+0000] {processor.py:830} INFO - Processing file /opt/airflow/dags/git_repo_dag.py for tasks to queue
[2024-02-05T23:23:11.790+0000] {logging_mixin.py:188} INFO - [2024-02-05T23:23:11.789+0000] {dagbag.py:538} INFO - Filling up the DagBag from /opt/airflow/dags/git_repo_dag.py
[2024-02-05T23:23:11.816+0000] {processor.py:840} INFO - DAG(s) 'git_repo_dag' retrieved from /opt/airflow/dags/git_repo_dag.py
[2024-02-05T23:23:11.845+0000] {logging_mixin.py:188} INFO - [2024-02-05T23:23:11.845+0000] {dag.py:3036} INFO - Sync 1 DAGs
[2024-02-05T23:23:11.873+0000] {logging_mixin.py:188} INFO - [2024-02-05T23:23:11.873+0000] {dag.py:3823} INFO - Setting next_dagrun for git_repo_dag to 2024-02-05 21:00:00+00:00, run_after=2024-02-06 21:00:00+00:00
[2024-02-05T23:23:11.939+0000] {processor.py:183} INFO - Processing /opt/airflow/dags/git_repo_dag.py took 0.153 seconds
[2024-02-05T23:23:42.048+0000] {processor.py:161} INFO - Started process (PID=134) to work on /opt/airflow/dags/git_repo_dag.py
[2024-02-05T23:23:42.049+0000] {processor.py:830} INFO - Processing file /opt/airflow/dags/git_repo_dag.py for tasks to queue
[2024-02-05T23:23:42.050+0000] {logging_mixin.py:188} INFO - [2024-02-05T23:23:42.049+0000] {dagbag.py:538} INFO - Filling up the DagBag from /opt/airflow/dags/git_repo_dag.py
[2024-02-05T23:23:42.071+0000] {processor.py:840} INFO - DAG(s) 'git_repo_dag' retrieved from /opt/airflow/dags/git_repo_dag.py
[2024-02-05T23:23:42.095+0000] {logging_mixin.py:188} INFO - [2024-02-05T23:23:42.095+0000] {dag.py:3036} INFO - Sync 1 DAGs
[2024-02-05T23:23:42.120+0000] {logging_mixin.py:188} INFO - [2024-02-05T23:23:42.119+0000] {dag.py:3823} INFO - Setting next_dagrun for git_repo_dag to 2024-02-05 21:00:00+00:00, run_after=2024-02-06 21:00:00+00:00
[2024-02-05T23:23:42.181+0000] {processor.py:183} INFO - Processing /opt/airflow/dags/git_repo_dag.py took 0.135 seconds
[2024-02-05T23:24:12.307+0000] {processor.py:161} INFO - Started process (PID=136) to work on /opt/airflow/dags/git_repo_dag.py
[2024-02-05T23:24:12.308+0000] {processor.py:830} INFO - Processing file /opt/airflow/dags/git_repo_dag.py for tasks to queue
[2024-02-05T23:24:12.309+0000] {logging_mixin.py:188} INFO - [2024-02-05T23:24:12.308+0000] {dagbag.py:538} INFO - Filling up the DagBag from /opt/airflow/dags/git_repo_dag.py
[2024-02-05T23:24:12.331+0000] {processor.py:840} INFO - DAG(s) 'git_repo_dag' retrieved from /opt/airflow/dags/git_repo_dag.py
[2024-02-05T23:24:12.355+0000] {logging_mixin.py:188} INFO - [2024-02-05T23:24:12.355+0000] {dag.py:3036} INFO - Sync 1 DAGs
[2024-02-05T23:24:12.379+0000] {logging_mixin.py:188} INFO - [2024-02-05T23:24:12.379+0000] {dag.py:3823} INFO - Setting next_dagrun for git_repo_dag to 2024-02-05 21:00:00+00:00, run_after=2024-02-06 21:00:00+00:00
[2024-02-05T23:24:12.441+0000] {processor.py:183} INFO - Processing /opt/airflow/dags/git_repo_dag.py took 0.136 seconds
[2024-02-05T23:24:42.599+0000] {processor.py:161} INFO - Started process (PID=138) to work on /opt/airflow/dags/git_repo_dag.py
[2024-02-05T23:24:42.600+0000] {processor.py:830} INFO - Processing file /opt/airflow/dags/git_repo_dag.py for tasks to queue
[2024-02-05T23:24:42.601+0000] {logging_mixin.py:188} INFO - [2024-02-05T23:24:42.601+0000] {dagbag.py:538} INFO - Filling up the DagBag from /opt/airflow/dags/git_repo_dag.py
[2024-02-05T23:24:42.624+0000] {processor.py:840} INFO - DAG(s) 'git_repo_dag' retrieved from /opt/airflow/dags/git_repo_dag.py
[2024-02-05T23:24:42.648+0000] {logging_mixin.py:188} INFO - [2024-02-05T23:24:42.647+0000] {dag.py:3036} INFO - Sync 1 DAGs
[2024-02-05T23:24:42.672+0000] {logging_mixin.py:188} INFO - [2024-02-05T23:24:42.672+0000] {dag.py:3823} INFO - Setting next_dagrun for git_repo_dag to 2024-02-05 21:00:00+00:00, run_after=2024-02-06 21:00:00+00:00
[2024-02-05T23:24:42.728+0000] {processor.py:183} INFO - Processing /opt/airflow/dags/git_repo_dag.py took 0.131 seconds
[2024-02-05T23:25:12.856+0000] {processor.py:161} INFO - Started process (PID=140) to work on /opt/airflow/dags/git_repo_dag.py
[2024-02-05T23:25:12.857+0000] {processor.py:830} INFO - Processing file /opt/airflow/dags/git_repo_dag.py for tasks to queue
[2024-02-05T23:25:12.857+0000] {logging_mixin.py:188} INFO - [2024-02-05T23:25:12.857+0000] {dagbag.py:538} INFO - Filling up the DagBag from /opt/airflow/dags/git_repo_dag.py
[2024-02-05T23:25:12.880+0000] {processor.py:840} INFO - DAG(s) 'git_repo_dag' retrieved from /opt/airflow/dags/git_repo_dag.py
[2024-02-05T23:25:12.903+0000] {logging_mixin.py:188} INFO - [2024-02-05T23:25:12.903+0000] {dag.py:3036} INFO - Sync 1 DAGs
[2024-02-05T23:25:12.927+0000] {logging_mixin.py:188} INFO - [2024-02-05T23:25:12.927+0000] {dag.py:3823} INFO - Setting next_dagrun for git_repo_dag to 2024-02-05 21:00:00+00:00, run_after=2024-02-06 21:00:00+00:00
[2024-02-05T23:25:12.997+0000] {processor.py:183} INFO - Processing /opt/airflow/dags/git_repo_dag.py took 0.143 seconds
[2024-02-05T23:25:43.171+0000] {processor.py:161} INFO - Started process (PID=142) to work on /opt/airflow/dags/git_repo_dag.py
[2024-02-05T23:25:43.172+0000] {processor.py:830} INFO - Processing file /opt/airflow/dags/git_repo_dag.py for tasks to queue
[2024-02-05T23:25:43.173+0000] {logging_mixin.py:188} INFO - [2024-02-05T23:25:43.173+0000] {dagbag.py:538} INFO - Filling up the DagBag from /opt/airflow/dags/git_repo_dag.py
[2024-02-05T23:25:43.194+0000] {processor.py:840} INFO - DAG(s) 'git_repo_dag' retrieved from /opt/airflow/dags/git_repo_dag.py
[2024-02-05T23:25:43.217+0000] {logging_mixin.py:188} INFO - [2024-02-05T23:25:43.216+0000] {dag.py:3036} INFO - Sync 1 DAGs
[2024-02-05T23:25:43.241+0000] {logging_mixin.py:188} INFO - [2024-02-05T23:25:43.240+0000] {dag.py:3823} INFO - Setting next_dagrun for git_repo_dag to 2024-02-05 21:00:00+00:00, run_after=2024-02-06 21:00:00+00:00
[2024-02-05T23:25:43.297+0000] {processor.py:183} INFO - Processing /opt/airflow/dags/git_repo_dag.py took 0.127 seconds
[2024-02-05T23:26:13.930+0000] {processor.py:161} INFO - Started process (PID=158) to work on /opt/airflow/dags/git_repo_dag.py
[2024-02-05T23:26:13.931+0000] {processor.py:830} INFO - Processing file /opt/airflow/dags/git_repo_dag.py for tasks to queue
[2024-02-05T23:26:13.932+0000] {logging_mixin.py:188} INFO - [2024-02-05T23:26:13.932+0000] {dagbag.py:538} INFO - Filling up the DagBag from /opt/airflow/dags/git_repo_dag.py
[2024-02-05T23:26:13.954+0000] {processor.py:840} INFO - DAG(s) 'git_repo_dag' retrieved from /opt/airflow/dags/git_repo_dag.py
[2024-02-05T23:26:13.977+0000] {logging_mixin.py:188} INFO - [2024-02-05T23:26:13.977+0000] {dag.py:3036} INFO - Sync 1 DAGs
[2024-02-05T23:26:14.002+0000] {logging_mixin.py:188} INFO - [2024-02-05T23:26:14.002+0000] {dag.py:3823} INFO - Setting next_dagrun for git_repo_dag to 2024-02-05 21:00:00+00:00, run_after=2024-02-06 21:00:00+00:00
[2024-02-05T23:26:14.058+0000] {processor.py:183} INFO - Processing /opt/airflow/dags/git_repo_dag.py took 0.129 seconds
[2024-02-05T23:26:45.184+0000] {processor.py:161} INFO - Started process (PID=160) to work on /opt/airflow/dags/git_repo_dag.py
[2024-02-05T23:26:45.185+0000] {processor.py:830} INFO - Processing file /opt/airflow/dags/git_repo_dag.py for tasks to queue
[2024-02-05T23:26:45.186+0000] {logging_mixin.py:188} INFO - [2024-02-05T23:26:45.186+0000] {dagbag.py:538} INFO - Filling up the DagBag from /opt/airflow/dags/git_repo_dag.py
[2024-02-05T23:26:45.209+0000] {processor.py:840} INFO - DAG(s) 'git_repo_dag' retrieved from /opt/airflow/dags/git_repo_dag.py
[2024-02-05T23:26:45.234+0000] {logging_mixin.py:188} INFO - [2024-02-05T23:26:45.234+0000] {dag.py:3036} INFO - Sync 1 DAGs
[2024-02-05T23:26:45.260+0000] {logging_mixin.py:188} INFO - [2024-02-05T23:26:45.260+0000] {dag.py:3823} INFO - Setting next_dagrun for git_repo_dag to 2024-02-05 21:00:00+00:00, run_after=2024-02-06 21:00:00+00:00
[2024-02-05T23:26:45.328+0000] {processor.py:183} INFO - Processing /opt/airflow/dags/git_repo_dag.py took 0.146 seconds
[2024-02-05T23:27:15.676+0000] {processor.py:161} INFO - Started process (PID=162) to work on /opt/airflow/dags/git_repo_dag.py
[2024-02-05T23:27:15.677+0000] {processor.py:830} INFO - Processing file /opt/airflow/dags/git_repo_dag.py for tasks to queue
[2024-02-05T23:27:15.678+0000] {logging_mixin.py:188} INFO - [2024-02-05T23:27:15.678+0000] {dagbag.py:538} INFO - Filling up the DagBag from /opt/airflow/dags/git_repo_dag.py
[2024-02-05T23:27:15.702+0000] {processor.py:840} INFO - DAG(s) 'git_repo_dag' retrieved from /opt/airflow/dags/git_repo_dag.py
[2024-02-05T23:27:15.737+0000] {logging_mixin.py:188} INFO - [2024-02-05T23:27:15.737+0000] {dag.py:3036} INFO - Sync 1 DAGs
[2024-02-05T23:27:15.774+0000] {logging_mixin.py:188} INFO - [2024-02-05T23:27:15.774+0000] {dag.py:3823} INFO - Setting next_dagrun for git_repo_dag to 2024-02-05 21:00:00+00:00, run_after=2024-02-06 21:00:00+00:00
[2024-02-05T23:27:15.843+0000] {processor.py:183} INFO - Processing /opt/airflow/dags/git_repo_dag.py took 0.169 seconds
[2024-02-05T23:27:45.985+0000] {processor.py:161} INFO - Started process (PID=178) to work on /opt/airflow/dags/git_repo_dag.py
[2024-02-05T23:27:45.986+0000] {processor.py:830} INFO - Processing file /opt/airflow/dags/git_repo_dag.py for tasks to queue
[2024-02-05T23:27:45.987+0000] {logging_mixin.py:188} INFO - [2024-02-05T23:27:45.987+0000] {dagbag.py:538} INFO - Filling up the DagBag from /opt/airflow/dags/git_repo_dag.py
[2024-02-05T23:27:46.014+0000] {processor.py:840} INFO - DAG(s) 'git_repo_dag' retrieved from /opt/airflow/dags/git_repo_dag.py
[2024-02-05T23:27:46.039+0000] {logging_mixin.py:188} INFO - [2024-02-05T23:27:46.039+0000] {dag.py:3036} INFO - Sync 1 DAGs
[2024-02-05T23:27:46.066+0000] {logging_mixin.py:188} INFO - [2024-02-05T23:27:46.066+0000] {dag.py:3823} INFO - Setting next_dagrun for git_repo_dag to 2024-02-05 21:00:00+00:00, run_after=2024-02-06 21:00:00+00:00
[2024-02-05T23:27:46.136+0000] {processor.py:183} INFO - Processing /opt/airflow/dags/git_repo_dag.py took 0.153 seconds
[2024-02-05T23:28:16.726+0000] {processor.py:161} INFO - Started process (PID=180) to work on /opt/airflow/dags/git_repo_dag.py
[2024-02-05T23:28:16.727+0000] {processor.py:830} INFO - Processing file /opt/airflow/dags/git_repo_dag.py for tasks to queue
[2024-02-05T23:28:16.728+0000] {logging_mixin.py:188} INFO - [2024-02-05T23:28:16.728+0000] {dagbag.py:538} INFO - Filling up the DagBag from /opt/airflow/dags/git_repo_dag.py
[2024-02-05T23:28:16.753+0000] {processor.py:840} INFO - DAG(s) 'git_repo_dag' retrieved from /opt/airflow/dags/git_repo_dag.py
[2024-02-05T23:28:16.779+0000] {logging_mixin.py:188} INFO - [2024-02-05T23:28:16.779+0000] {dag.py:3036} INFO - Sync 1 DAGs
[2024-02-05T23:28:16.804+0000] {logging_mixin.py:188} INFO - [2024-02-05T23:28:16.803+0000] {dag.py:3823} INFO - Setting next_dagrun for git_repo_dag to 2024-02-05 21:00:00+00:00, run_after=2024-02-06 21:00:00+00:00
[2024-02-05T23:28:16.865+0000] {processor.py:183} INFO - Processing /opt/airflow/dags/git_repo_dag.py took 0.141 seconds
[2024-02-05T23:28:47.574+0000] {processor.py:161} INFO - Started process (PID=182) to work on /opt/airflow/dags/git_repo_dag.py
[2024-02-05T23:28:47.575+0000] {processor.py:830} INFO - Processing file /opt/airflow/dags/git_repo_dag.py for tasks to queue
[2024-02-05T23:28:47.575+0000] {logging_mixin.py:188} INFO - [2024-02-05T23:28:47.575+0000] {dagbag.py:538} INFO - Filling up the DagBag from /opt/airflow/dags/git_repo_dag.py
[2024-02-05T23:28:47.602+0000] {processor.py:840} INFO - DAG(s) 'git_repo_dag' retrieved from /opt/airflow/dags/git_repo_dag.py
[2024-02-05T23:28:47.627+0000] {logging_mixin.py:188} INFO - [2024-02-05T23:28:47.626+0000] {dag.py:3036} INFO - Sync 1 DAGs
[2024-02-05T23:28:47.657+0000] {logging_mixin.py:188} INFO - [2024-02-05T23:28:47.656+0000] {dag.py:3823} INFO - Setting next_dagrun for git_repo_dag to 2024-02-05 21:00:00+00:00, run_after=2024-02-06 21:00:00+00:00
[2024-02-05T23:28:47.724+0000] {processor.py:183} INFO - Processing /opt/airflow/dags/git_repo_dag.py took 0.152 seconds
[2024-02-05T23:29:18.127+0000] {processor.py:161} INFO - Started process (PID=184) to work on /opt/airflow/dags/git_repo_dag.py
[2024-02-05T23:29:18.128+0000] {processor.py:830} INFO - Processing file /opt/airflow/dags/git_repo_dag.py for tasks to queue
[2024-02-05T23:29:18.131+0000] {logging_mixin.py:188} INFO - [2024-02-05T23:29:18.130+0000] {dagbag.py:538} INFO - Filling up the DagBag from /opt/airflow/dags/git_repo_dag.py
[2024-02-05T23:29:18.163+0000] {processor.py:840} INFO - DAG(s) 'git_repo_dag' retrieved from /opt/airflow/dags/git_repo_dag.py
[2024-02-05T23:29:18.188+0000] {logging_mixin.py:188} INFO - [2024-02-05T23:29:18.188+0000] {dag.py:3036} INFO - Sync 1 DAGs
[2024-02-05T23:29:18.214+0000] {logging_mixin.py:188} INFO - [2024-02-05T23:29:18.213+0000] {dag.py:3823} INFO - Setting next_dagrun for git_repo_dag to 2024-02-05 21:00:00+00:00, run_after=2024-02-06 21:00:00+00:00
[2024-02-05T23:29:18.279+0000] {processor.py:183} INFO - Processing /opt/airflow/dags/git_repo_dag.py took 0.156 seconds
[2024-02-05T23:29:48.544+0000] {processor.py:161} INFO - Started process (PID=186) to work on /opt/airflow/dags/git_repo_dag.py
[2024-02-05T23:29:48.545+0000] {processor.py:830} INFO - Processing file /opt/airflow/dags/git_repo_dag.py for tasks to queue
[2024-02-05T23:29:48.546+0000] {logging_mixin.py:188} INFO - [2024-02-05T23:29:48.546+0000] {dagbag.py:538} INFO - Filling up the DagBag from /opt/airflow/dags/git_repo_dag.py
[2024-02-05T23:29:48.572+0000] {processor.py:840} INFO - DAG(s) 'git_repo_dag' retrieved from /opt/airflow/dags/git_repo_dag.py
[2024-02-05T23:29:48.600+0000] {logging_mixin.py:188} INFO - [2024-02-05T23:29:48.600+0000] {dag.py:3036} INFO - Sync 1 DAGs
[2024-02-05T23:29:48.636+0000] {logging_mixin.py:188} INFO - [2024-02-05T23:29:48.635+0000] {dag.py:3823} INFO - Setting next_dagrun for git_repo_dag to 2024-02-05 21:00:00+00:00, run_after=2024-02-06 21:00:00+00:00
[2024-02-05T23:29:48.694+0000] {processor.py:183} INFO - Processing /opt/airflow/dags/git_repo_dag.py took 0.151 seconds
[2024-02-05T23:30:19.031+0000] {processor.py:161} INFO - Started process (PID=188) to work on /opt/airflow/dags/git_repo_dag.py
[2024-02-05T23:30:19.033+0000] {processor.py:830} INFO - Processing file /opt/airflow/dags/git_repo_dag.py for tasks to queue
[2024-02-05T23:30:19.034+0000] {logging_mixin.py:188} INFO - [2024-02-05T23:30:19.034+0000] {dagbag.py:538} INFO - Filling up the DagBag from /opt/airflow/dags/git_repo_dag.py
[2024-02-05T23:30:19.065+0000] {processor.py:840} INFO - DAG(s) 'git_repo_dag' retrieved from /opt/airflow/dags/git_repo_dag.py
[2024-02-05T23:30:19.099+0000] {logging_mixin.py:188} INFO - [2024-02-05T23:30:19.098+0000] {dag.py:3036} INFO - Sync 1 DAGs
[2024-02-05T23:30:19.136+0000] {logging_mixin.py:188} INFO - [2024-02-05T23:30:19.135+0000] {dag.py:3823} INFO - Setting next_dagrun for git_repo_dag to 2024-02-05 21:00:00+00:00, run_after=2024-02-06 21:00:00+00:00
[2024-02-05T23:30:19.256+0000] {processor.py:183} INFO - Processing /opt/airflow/dags/git_repo_dag.py took 0.227 seconds
[2024-02-05T23:30:49.461+0000] {processor.py:161} INFO - Started process (PID=190) to work on /opt/airflow/dags/git_repo_dag.py
[2024-02-05T23:30:49.462+0000] {processor.py:830} INFO - Processing file /opt/airflow/dags/git_repo_dag.py for tasks to queue
[2024-02-05T23:30:49.463+0000] {logging_mixin.py:188} INFO - [2024-02-05T23:30:49.463+0000] {dagbag.py:538} INFO - Filling up the DagBag from /opt/airflow/dags/git_repo_dag.py
[2024-02-05T23:30:49.488+0000] {processor.py:840} INFO - DAG(s) 'git_repo_dag' retrieved from /opt/airflow/dags/git_repo_dag.py
[2024-02-05T23:30:49.512+0000] {logging_mixin.py:188} INFO - [2024-02-05T23:30:49.511+0000] {dag.py:3036} INFO - Sync 1 DAGs
[2024-02-05T23:30:49.538+0000] {logging_mixin.py:188} INFO - [2024-02-05T23:30:49.538+0000] {dag.py:3823} INFO - Setting next_dagrun for git_repo_dag to 2024-02-05 21:00:00+00:00, run_after=2024-02-06 21:00:00+00:00
[2024-02-05T23:30:49.595+0000] {processor.py:183} INFO - Processing /opt/airflow/dags/git_repo_dag.py took 0.135 seconds
[2024-02-05T23:31:19.949+0000] {processor.py:161} INFO - Started process (PID=192) to work on /opt/airflow/dags/git_repo_dag.py
[2024-02-05T23:31:19.950+0000] {processor.py:830} INFO - Processing file /opt/airflow/dags/git_repo_dag.py for tasks to queue
[2024-02-05T23:31:19.951+0000] {logging_mixin.py:188} INFO - [2024-02-05T23:31:19.951+0000] {dagbag.py:538} INFO - Filling up the DagBag from /opt/airflow/dags/git_repo_dag.py
[2024-02-05T23:31:19.973+0000] {processor.py:840} INFO - DAG(s) 'git_repo_dag' retrieved from /opt/airflow/dags/git_repo_dag.py
[2024-02-05T23:31:19.998+0000] {logging_mixin.py:188} INFO - [2024-02-05T23:31:19.998+0000] {dag.py:3036} INFO - Sync 1 DAGs
[2024-02-05T23:31:20.026+0000] {logging_mixin.py:188} INFO - [2024-02-05T23:31:20.026+0000] {dag.py:3823} INFO - Setting next_dagrun for git_repo_dag to 2024-02-05 21:00:00+00:00, run_after=2024-02-06 21:00:00+00:00
[2024-02-05T23:31:20.091+0000] {processor.py:183} INFO - Processing /opt/airflow/dags/git_repo_dag.py took 0.144 seconds
[2024-02-05T23:31:50.378+0000] {processor.py:161} INFO - Started process (PID=194) to work on /opt/airflow/dags/git_repo_dag.py
[2024-02-05T23:31:50.379+0000] {processor.py:830} INFO - Processing file /opt/airflow/dags/git_repo_dag.py for tasks to queue
[2024-02-05T23:31:50.380+0000] {logging_mixin.py:188} INFO - [2024-02-05T23:31:50.380+0000] {dagbag.py:538} INFO - Filling up the DagBag from /opt/airflow/dags/git_repo_dag.py
[2024-02-05T23:31:50.408+0000] {processor.py:840} INFO - DAG(s) 'git_repo_dag' retrieved from /opt/airflow/dags/git_repo_dag.py
[2024-02-05T23:31:50.432+0000] {logging_mixin.py:188} INFO - [2024-02-05T23:31:50.432+0000] {dag.py:3036} INFO - Sync 1 DAGs
[2024-02-05T23:31:50.457+0000] {logging_mixin.py:188} INFO - [2024-02-05T23:31:50.457+0000] {dag.py:3823} INFO - Setting next_dagrun for git_repo_dag to 2024-02-05 21:00:00+00:00, run_after=2024-02-06 21:00:00+00:00
[2024-02-05T23:31:50.513+0000] {processor.py:183} INFO - Processing /opt/airflow/dags/git_repo_dag.py took 0.138 seconds
[2024-02-05T23:32:20.870+0000] {processor.py:161} INFO - Started process (PID=196) to work on /opt/airflow/dags/git_repo_dag.py
[2024-02-05T23:32:20.872+0000] {processor.py:830} INFO - Processing file /opt/airflow/dags/git_repo_dag.py for tasks to queue
[2024-02-05T23:32:20.874+0000] {logging_mixin.py:188} INFO - [2024-02-05T23:32:20.873+0000] {dagbag.py:538} INFO - Filling up the DagBag from /opt/airflow/dags/git_repo_dag.py
[2024-02-05T23:32:20.907+0000] {processor.py:840} INFO - DAG(s) 'git_repo_dag' retrieved from /opt/airflow/dags/git_repo_dag.py
[2024-02-05T23:32:20.940+0000] {logging_mixin.py:188} INFO - [2024-02-05T23:32:20.940+0000] {dag.py:3036} INFO - Sync 1 DAGs
[2024-02-05T23:32:20.967+0000] {logging_mixin.py:188} INFO - [2024-02-05T23:32:20.967+0000] {dag.py:3823} INFO - Setting next_dagrun for git_repo_dag to 2024-02-05 21:00:00+00:00, run_after=2024-02-06 21:00:00+00:00
[2024-02-05T23:32:21.064+0000] {processor.py:183} INFO - Processing /opt/airflow/dags/git_repo_dag.py took 0.197 seconds
[2024-02-05T23:32:51.295+0000] {processor.py:161} INFO - Started process (PID=198) to work on /opt/airflow/dags/git_repo_dag.py
[2024-02-05T23:32:51.296+0000] {processor.py:830} INFO - Processing file /opt/airflow/dags/git_repo_dag.py for tasks to queue
[2024-02-05T23:32:51.297+0000] {logging_mixin.py:188} INFO - [2024-02-05T23:32:51.296+0000] {dagbag.py:538} INFO - Filling up the DagBag from /opt/airflow/dags/git_repo_dag.py
[2024-02-05T23:32:51.320+0000] {processor.py:840} INFO - DAG(s) 'git_repo_dag' retrieved from /opt/airflow/dags/git_repo_dag.py
[2024-02-05T23:32:51.344+0000] {logging_mixin.py:188} INFO - [2024-02-05T23:32:51.344+0000] {dag.py:3036} INFO - Sync 1 DAGs
[2024-02-05T23:32:51.368+0000] {logging_mixin.py:188} INFO - [2024-02-05T23:32:51.367+0000] {dag.py:3823} INFO - Setting next_dagrun for git_repo_dag to 2024-02-05 21:00:00+00:00, run_after=2024-02-06 21:00:00+00:00
[2024-02-05T23:32:51.426+0000] {processor.py:183} INFO - Processing /opt/airflow/dags/git_repo_dag.py took 0.133 seconds
[2024-02-05T23:33:21.750+0000] {processor.py:161} INFO - Started process (PID=200) to work on /opt/airflow/dags/git_repo_dag.py
[2024-02-05T23:33:21.750+0000] {processor.py:830} INFO - Processing file /opt/airflow/dags/git_repo_dag.py for tasks to queue
[2024-02-05T23:33:21.751+0000] {logging_mixin.py:188} INFO - [2024-02-05T23:33:21.751+0000] {dagbag.py:538} INFO - Filling up the DagBag from /opt/airflow/dags/git_repo_dag.py
[2024-02-05T23:33:21.779+0000] {processor.py:840} INFO - DAG(s) 'git_repo_dag' retrieved from /opt/airflow/dags/git_repo_dag.py
[2024-02-05T23:33:21.808+0000] {logging_mixin.py:188} INFO - [2024-02-05T23:33:21.807+0000] {dag.py:3036} INFO - Sync 1 DAGs
[2024-02-05T23:33:21.834+0000] {logging_mixin.py:188} INFO - [2024-02-05T23:33:21.833+0000] {dag.py:3823} INFO - Setting next_dagrun for git_repo_dag to 2024-02-05 21:00:00+00:00, run_after=2024-02-06 21:00:00+00:00
[2024-02-05T23:33:21.901+0000] {processor.py:183} INFO - Processing /opt/airflow/dags/git_repo_dag.py took 0.153 seconds
[2024-02-05T23:33:52.255+0000] {processor.py:161} INFO - Started process (PID=202) to work on /opt/airflow/dags/git_repo_dag.py
[2024-02-05T23:33:52.256+0000] {processor.py:830} INFO - Processing file /opt/airflow/dags/git_repo_dag.py for tasks to queue
[2024-02-05T23:33:52.257+0000] {logging_mixin.py:188} INFO - [2024-02-05T23:33:52.257+0000] {dagbag.py:538} INFO - Filling up the DagBag from /opt/airflow/dags/git_repo_dag.py
[2024-02-05T23:33:52.277+0000] {processor.py:840} INFO - DAG(s) 'git_repo_dag' retrieved from /opt/airflow/dags/git_repo_dag.py
[2024-02-05T23:33:52.300+0000] {logging_mixin.py:188} INFO - [2024-02-05T23:33:52.300+0000] {dag.py:3036} INFO - Sync 1 DAGs
[2024-02-05T23:33:52.323+0000] {logging_mixin.py:188} INFO - [2024-02-05T23:33:52.323+0000] {dag.py:3823} INFO - Setting next_dagrun for git_repo_dag to 2024-02-05 21:00:00+00:00, run_after=2024-02-06 21:00:00+00:00
[2024-02-05T23:33:52.375+0000] {processor.py:183} INFO - Processing /opt/airflow/dags/git_repo_dag.py took 0.121 seconds
[2024-02-05T23:34:22.517+0000] {processor.py:161} INFO - Started process (PID=204) to work on /opt/airflow/dags/git_repo_dag.py
[2024-02-05T23:34:22.517+0000] {processor.py:830} INFO - Processing file /opt/airflow/dags/git_repo_dag.py for tasks to queue
[2024-02-05T23:34:22.519+0000] {logging_mixin.py:188} INFO - [2024-02-05T23:34:22.518+0000] {dagbag.py:538} INFO - Filling up the DagBag from /opt/airflow/dags/git_repo_dag.py
[2024-02-05T23:34:22.541+0000] {processor.py:840} INFO - DAG(s) 'git_repo_dag' retrieved from /opt/airflow/dags/git_repo_dag.py
[2024-02-05T23:34:22.566+0000] {logging_mixin.py:188} INFO - [2024-02-05T23:34:22.565+0000] {dag.py:3036} INFO - Sync 1 DAGs
[2024-02-05T23:34:22.605+0000] {logging_mixin.py:188} INFO - [2024-02-05T23:34:22.604+0000] {dag.py:3823} INFO - Setting next_dagrun for git_repo_dag to 2024-02-05 21:00:00+00:00, run_after=2024-02-06 21:00:00+00:00
[2024-02-05T23:34:22.666+0000] {processor.py:183} INFO - Processing /opt/airflow/dags/git_repo_dag.py took 0.151 seconds
[2024-02-05T23:34:52.971+0000] {processor.py:161} INFO - Started process (PID=206) to work on /opt/airflow/dags/git_repo_dag.py
[2024-02-05T23:34:52.971+0000] {processor.py:830} INFO - Processing file /opt/airflow/dags/git_repo_dag.py for tasks to queue
[2024-02-05T23:34:52.972+0000] {logging_mixin.py:188} INFO - [2024-02-05T23:34:52.972+0000] {dagbag.py:538} INFO - Filling up the DagBag from /opt/airflow/dags/git_repo_dag.py
[2024-02-05T23:34:52.993+0000] {processor.py:840} INFO - DAG(s) 'git_repo_dag' retrieved from /opt/airflow/dags/git_repo_dag.py
[2024-02-05T23:34:53.016+0000] {logging_mixin.py:188} INFO - [2024-02-05T23:34:53.016+0000] {dag.py:3036} INFO - Sync 1 DAGs
[2024-02-05T23:34:53.040+0000] {logging_mixin.py:188} INFO - [2024-02-05T23:34:53.040+0000] {dag.py:3823} INFO - Setting next_dagrun for git_repo_dag to 2024-02-05 21:00:00+00:00, run_after=2024-02-06 21:00:00+00:00
[2024-02-05T23:34:53.094+0000] {processor.py:183} INFO - Processing /opt/airflow/dags/git_repo_dag.py took 0.125 seconds
[2024-02-05T23:35:23.373+0000] {processor.py:161} INFO - Started process (PID=208) to work on /opt/airflow/dags/git_repo_dag.py
[2024-02-05T23:35:23.374+0000] {processor.py:830} INFO - Processing file /opt/airflow/dags/git_repo_dag.py for tasks to queue
[2024-02-05T23:35:23.376+0000] {logging_mixin.py:188} INFO - [2024-02-05T23:35:23.376+0000] {dagbag.py:538} INFO - Filling up the DagBag from /opt/airflow/dags/git_repo_dag.py
[2024-02-05T23:35:23.399+0000] {processor.py:840} INFO - DAG(s) 'git_repo_dag' retrieved from /opt/airflow/dags/git_repo_dag.py
[2024-02-05T23:35:23.424+0000] {logging_mixin.py:188} INFO - [2024-02-05T23:35:23.424+0000] {dag.py:3036} INFO - Sync 1 DAGs
[2024-02-05T23:35:23.450+0000] {logging_mixin.py:188} INFO - [2024-02-05T23:35:23.450+0000] {dag.py:3823} INFO - Setting next_dagrun for git_repo_dag to 2024-02-05 21:00:00+00:00, run_after=2024-02-06 21:00:00+00:00
[2024-02-05T23:35:23.516+0000] {processor.py:183} INFO - Processing /opt/airflow/dags/git_repo_dag.py took 0.144 seconds
[2024-02-05T23:35:53.883+0000] {processor.py:161} INFO - Started process (PID=210) to work on /opt/airflow/dags/git_repo_dag.py
[2024-02-05T23:35:53.884+0000] {processor.py:830} INFO - Processing file /opt/airflow/dags/git_repo_dag.py for tasks to queue
[2024-02-05T23:35:53.885+0000] {logging_mixin.py:188} INFO - [2024-02-05T23:35:53.884+0000] {dagbag.py:538} INFO - Filling up the DagBag from /opt/airflow/dags/git_repo_dag.py
[2024-02-05T23:35:53.909+0000] {processor.py:840} INFO - DAG(s) 'git_repo_dag' retrieved from /opt/airflow/dags/git_repo_dag.py
[2024-02-05T23:35:53.939+0000] {logging_mixin.py:188} INFO - [2024-02-05T23:35:53.938+0000] {dag.py:3036} INFO - Sync 1 DAGs
[2024-02-05T23:35:53.976+0000] {logging_mixin.py:188} INFO - [2024-02-05T23:35:53.976+0000] {dag.py:3823} INFO - Setting next_dagrun for git_repo_dag to 2024-02-05 21:00:00+00:00, run_after=2024-02-06 21:00:00+00:00
[2024-02-05T23:35:54.050+0000] {processor.py:183} INFO - Processing /opt/airflow/dags/git_repo_dag.py took 0.169 seconds
[2024-02-05T23:36:24.390+0000] {processor.py:161} INFO - Started process (PID=212) to work on /opt/airflow/dags/git_repo_dag.py
[2024-02-05T23:36:24.391+0000] {processor.py:830} INFO - Processing file /opt/airflow/dags/git_repo_dag.py for tasks to queue
[2024-02-05T23:36:24.392+0000] {logging_mixin.py:188} INFO - [2024-02-05T23:36:24.392+0000] {dagbag.py:538} INFO - Filling up the DagBag from /opt/airflow/dags/git_repo_dag.py
[2024-02-05T23:36:24.426+0000] {processor.py:840} INFO - DAG(s) 'git_repo_dag' retrieved from /opt/airflow/dags/git_repo_dag.py
[2024-02-05T23:36:24.457+0000] {logging_mixin.py:188} INFO - [2024-02-05T23:36:24.456+0000] {dag.py:3036} INFO - Sync 1 DAGs
[2024-02-05T23:36:24.486+0000] {logging_mixin.py:188} INFO - [2024-02-05T23:36:24.485+0000] {dag.py:3823} INFO - Setting next_dagrun for git_repo_dag to 2024-02-05 21:00:00+00:00, run_after=2024-02-06 21:00:00+00:00
[2024-02-05T23:36:24.548+0000] {processor.py:183} INFO - Processing /opt/airflow/dags/git_repo_dag.py took 0.160 seconds
[2024-02-05T23:36:54.941+0000] {processor.py:161} INFO - Started process (PID=214) to work on /opt/airflow/dags/git_repo_dag.py
[2024-02-05T23:36:54.942+0000] {processor.py:830} INFO - Processing file /opt/airflow/dags/git_repo_dag.py for tasks to queue
[2024-02-05T23:36:54.943+0000] {logging_mixin.py:188} INFO - [2024-02-05T23:36:54.943+0000] {dagbag.py:538} INFO - Filling up the DagBag from /opt/airflow/dags/git_repo_dag.py
[2024-02-05T23:36:54.964+0000] {processor.py:840} INFO - DAG(s) 'git_repo_dag' retrieved from /opt/airflow/dags/git_repo_dag.py
[2024-02-05T23:36:54.987+0000] {logging_mixin.py:188} INFO - [2024-02-05T23:36:54.987+0000] {dag.py:3036} INFO - Sync 1 DAGs
[2024-02-05T23:36:55.011+0000] {logging_mixin.py:188} INFO - [2024-02-05T23:36:55.010+0000] {dag.py:3823} INFO - Setting next_dagrun for git_repo_dag to 2024-02-05 21:00:00+00:00, run_after=2024-02-06 21:00:00+00:00
[2024-02-05T23:36:55.065+0000] {processor.py:183} INFO - Processing /opt/airflow/dags/git_repo_dag.py took 0.126 seconds
[2024-02-05T23:37:25.321+0000] {processor.py:161} INFO - Started process (PID=216) to work on /opt/airflow/dags/git_repo_dag.py
[2024-02-05T23:37:25.322+0000] {processor.py:830} INFO - Processing file /opt/airflow/dags/git_repo_dag.py for tasks to queue
[2024-02-05T23:37:25.323+0000] {logging_mixin.py:188} INFO - [2024-02-05T23:37:25.323+0000] {dagbag.py:538} INFO - Filling up the DagBag from /opt/airflow/dags/git_repo_dag.py
[2024-02-05T23:37:25.351+0000] {processor.py:840} INFO - DAG(s) 'git_repo_dag' retrieved from /opt/airflow/dags/git_repo_dag.py
[2024-02-05T23:37:25.377+0000] {logging_mixin.py:188} INFO - [2024-02-05T23:37:25.377+0000] {dag.py:3036} INFO - Sync 1 DAGs
[2024-02-05T23:37:25.406+0000] {logging_mixin.py:188} INFO - [2024-02-05T23:37:25.406+0000] {dag.py:3823} INFO - Setting next_dagrun for git_repo_dag to 2024-02-05 21:00:00+00:00, run_after=2024-02-06 21:00:00+00:00
[2024-02-05T23:37:25.472+0000] {processor.py:183} INFO - Processing /opt/airflow/dags/git_repo_dag.py took 0.153 seconds
[2024-02-05T23:37:55.833+0000] {processor.py:161} INFO - Started process (PID=218) to work on /opt/airflow/dags/git_repo_dag.py
[2024-02-05T23:37:55.834+0000] {processor.py:830} INFO - Processing file /opt/airflow/dags/git_repo_dag.py for tasks to queue
[2024-02-05T23:37:55.836+0000] {logging_mixin.py:188} INFO - [2024-02-05T23:37:55.835+0000] {dagbag.py:538} INFO - Filling up the DagBag from /opt/airflow/dags/git_repo_dag.py
[2024-02-05T23:37:55.865+0000] {processor.py:840} INFO - DAG(s) 'git_repo_dag' retrieved from /opt/airflow/dags/git_repo_dag.py
[2024-02-05T23:37:55.893+0000] {logging_mixin.py:188} INFO - [2024-02-05T23:37:55.892+0000] {dag.py:3036} INFO - Sync 1 DAGs
[2024-02-05T23:37:55.920+0000] {logging_mixin.py:188} INFO - [2024-02-05T23:37:55.920+0000] {dag.py:3823} INFO - Setting next_dagrun for git_repo_dag to 2024-02-05 21:00:00+00:00, run_after=2024-02-06 21:00:00+00:00
[2024-02-05T23:37:55.985+0000] {processor.py:183} INFO - Processing /opt/airflow/dags/git_repo_dag.py took 0.154 seconds
