[2024-02-05T23:40:33.113+0000] {processor.py:161} INFO - Started process (PID=69) to work on /opt/airflow/dags/poke_dag.py
[2024-02-05T23:40:33.114+0000] {processor.py:830} INFO - Processing file /opt/airflow/dags/poke_dag.py for tasks to queue
[2024-02-05T23:40:33.115+0000] {logging_mixin.py:188} INFO - [2024-02-05T23:40:33.115+0000] {dagbag.py:538} INFO - Filling up the DagBag from /opt/airflow/dags/poke_dag.py
[2024-02-05T23:40:33.142+0000] {processor.py:840} INFO - DAG(s) 'welcome_dag' retrieved from /opt/airflow/dags/poke_dag.py
[2024-02-05T23:40:33.153+0000] {logging_mixin.py:188} INFO - [2024-02-05T23:40:33.153+0000] {dag.py:3036} INFO - Sync 1 DAGs
[2024-02-05T23:40:33.182+0000] {logging_mixin.py:188} INFO - [2024-02-05T23:40:33.182+0000] {dag.py:3823} INFO - Setting next_dagrun for welcome_dag to 2024-02-04 23:00:00+00:00, run_after=2024-02-05 23:00:00+00:00
[2024-02-05T23:40:33.242+0000] {processor.py:183} INFO - Processing /opt/airflow/dags/poke_dag.py took 0.130 seconds
[2024-02-05T23:41:03.426+0000] {processor.py:161} INFO - Started process (PID=88) to work on /opt/airflow/dags/poke_dag.py
[2024-02-05T23:41:03.427+0000] {processor.py:830} INFO - Processing file /opt/airflow/dags/poke_dag.py for tasks to queue
[2024-02-05T23:41:03.428+0000] {logging_mixin.py:188} INFO - [2024-02-05T23:41:03.428+0000] {dagbag.py:538} INFO - Filling up the DagBag from /opt/airflow/dags/poke_dag.py
[2024-02-05T23:41:03.458+0000] {processor.py:840} INFO - DAG(s) 'welcome_dag' retrieved from /opt/airflow/dags/poke_dag.py
[2024-02-05T23:41:03.564+0000] {logging_mixin.py:188} INFO - [2024-02-05T23:41:03.564+0000] {dag.py:3036} INFO - Sync 1 DAGs
[2024-02-05T23:41:03.587+0000] {logging_mixin.py:188} INFO - [2024-02-05T23:41:03.587+0000] {dag.py:3823} INFO - Setting next_dagrun for welcome_dag to 2024-02-04 23:00:00+00:00, run_after=2024-02-05 23:00:00+00:00
[2024-02-05T23:41:03.674+0000] {processor.py:183} INFO - Processing /opt/airflow/dags/poke_dag.py took 0.250 seconds
[2024-02-05T23:41:06.204+0000] {processor.py:161} INFO - Started process (PID=90) to work on /opt/airflow/dags/poke_dag.py
[2024-02-05T23:41:06.205+0000] {processor.py:830} INFO - Processing file /opt/airflow/dags/poke_dag.py for tasks to queue
[2024-02-05T23:41:06.206+0000] {logging_mixin.py:188} INFO - [2024-02-05T23:41:06.206+0000] {dagbag.py:538} INFO - Filling up the DagBag from /opt/airflow/dags/poke_dag.py
[2024-02-05T23:41:06.247+0000] {processor.py:840} INFO - DAG(s) 'welcome_dag' retrieved from /opt/airflow/dags/poke_dag.py
[2024-02-05T23:41:06.260+0000] {logging_mixin.py:188} INFO - [2024-02-05T23:41:06.260+0000] {dag.py:3036} INFO - Sync 1 DAGs
[2024-02-05T23:41:06.285+0000] {logging_mixin.py:188} INFO - [2024-02-05T23:41:06.285+0000] {dag.py:3823} INFO - Setting next_dagrun for welcome_dag to 2024-02-04 23:00:00+00:00, run_after=2024-02-05 23:00:00+00:00
[2024-02-05T23:41:06.358+0000] {processor.py:183} INFO - Processing /opt/airflow/dags/poke_dag.py took 0.157 seconds
[2024-02-05T23:41:28.661+0000] {processor.py:161} INFO - Started process (PID=91) to work on /opt/airflow/dags/poke_dag.py
[2024-02-05T23:41:28.662+0000] {processor.py:830} INFO - Processing file /opt/airflow/dags/poke_dag.py for tasks to queue
[2024-02-05T23:41:28.663+0000] {logging_mixin.py:188} INFO - [2024-02-05T23:41:28.663+0000] {dagbag.py:538} INFO - Filling up the DagBag from /opt/airflow/dags/poke_dag.py
[2024-02-05T23:41:28.700+0000] {processor.py:840} INFO - DAG(s) 'poke_dag' retrieved from /opt/airflow/dags/poke_dag.py
[2024-02-05T23:41:28.837+0000] {logging_mixin.py:188} INFO - [2024-02-05T23:41:28.836+0000] {override.py:1769} INFO - Created Permission View: can delete on DAG:poke_dag
[2024-02-05T23:41:28.881+0000] {logging_mixin.py:188} INFO - [2024-02-05T23:41:28.881+0000] {override.py:1769} INFO - Created Permission View: can edit on DAG:poke_dag
[2024-02-05T23:41:28.916+0000] {logging_mixin.py:188} INFO - [2024-02-05T23:41:28.915+0000] {override.py:1769} INFO - Created Permission View: can read on DAG:poke_dag
[2024-02-05T23:41:28.917+0000] {logging_mixin.py:188} INFO - [2024-02-05T23:41:28.916+0000] {dag.py:3036} INFO - Sync 1 DAGs
[2024-02-05T23:41:28.933+0000] {logging_mixin.py:188} INFO - [2024-02-05T23:41:28.932+0000] {dag.py:3058} INFO - Creating ORM DAG for poke_dag
[2024-02-05T23:41:28.947+0000] {logging_mixin.py:188} INFO - [2024-02-05T23:41:28.946+0000] {dag.py:3823} INFO - Setting next_dagrun for poke_dag to 2024-02-04 23:00:00+00:00, run_after=2024-02-05 23:00:00+00:00
[2024-02-05T23:41:29.011+0000] {processor.py:183} INFO - Processing /opt/airflow/dags/poke_dag.py took 0.351 seconds
[2024-02-05T23:42:02.450+0000] {processor.py:161} INFO - Started process (PID=163) to work on /opt/airflow/dags/poke_dag.py
[2024-02-05T23:42:02.451+0000] {processor.py:830} INFO - Processing file /opt/airflow/dags/poke_dag.py for tasks to queue
[2024-02-05T23:42:02.452+0000] {logging_mixin.py:188} INFO - [2024-02-05T23:42:02.452+0000] {dagbag.py:538} INFO - Filling up the DagBag from /opt/airflow/dags/poke_dag.py
[2024-02-05T23:42:02.479+0000] {processor.py:840} INFO - DAG(s) 'poke_dag' retrieved from /opt/airflow/dags/poke_dag.py
[2024-02-05T23:42:02.504+0000] {logging_mixin.py:188} INFO - [2024-02-05T23:42:02.504+0000] {dag.py:3036} INFO - Sync 1 DAGs
[2024-02-05T23:42:02.530+0000] {logging_mixin.py:188} INFO - [2024-02-05T23:42:02.530+0000] {dag.py:3823} INFO - Setting next_dagrun for poke_dag to 2024-02-04 23:00:00+00:00, run_after=2024-02-05 23:00:00+00:00
[2024-02-05T23:42:02.592+0000] {processor.py:183} INFO - Processing /opt/airflow/dags/poke_dag.py took 0.144 seconds
[2024-02-05T23:42:32.973+0000] {processor.py:161} INFO - Started process (PID=179) to work on /opt/airflow/dags/poke_dag.py
[2024-02-05T23:42:32.974+0000] {processor.py:830} INFO - Processing file /opt/airflow/dags/poke_dag.py for tasks to queue
[2024-02-05T23:42:32.975+0000] {logging_mixin.py:188} INFO - [2024-02-05T23:42:32.974+0000] {dagbag.py:538} INFO - Filling up the DagBag from /opt/airflow/dags/poke_dag.py
[2024-02-05T23:42:32.998+0000] {processor.py:840} INFO - DAG(s) 'poke_dag' retrieved from /opt/airflow/dags/poke_dag.py
[2024-02-05T23:42:33.023+0000] {logging_mixin.py:188} INFO - [2024-02-05T23:42:33.023+0000] {dag.py:3036} INFO - Sync 1 DAGs
[2024-02-05T23:42:33.048+0000] {logging_mixin.py:188} INFO - [2024-02-05T23:42:33.048+0000] {dag.py:3823} INFO - Setting next_dagrun for poke_dag to 2024-02-04 23:00:00+00:00, run_after=2024-02-05 23:00:00+00:00
[2024-02-05T23:42:33.106+0000] {processor.py:183} INFO - Processing /opt/airflow/dags/poke_dag.py took 0.135 seconds
[2024-02-05T23:43:03.485+0000] {processor.py:161} INFO - Started process (PID=223) to work on /opt/airflow/dags/poke_dag.py
[2024-02-05T23:43:03.486+0000] {processor.py:830} INFO - Processing file /opt/airflow/dags/poke_dag.py for tasks to queue
[2024-02-05T23:43:03.488+0000] {logging_mixin.py:188} INFO - [2024-02-05T23:43:03.487+0000] {dagbag.py:538} INFO - Filling up the DagBag from /opt/airflow/dags/poke_dag.py
[2024-02-05T23:43:03.516+0000] {processor.py:840} INFO - DAG(s) 'poke_dag' retrieved from /opt/airflow/dags/poke_dag.py
[2024-02-05T23:43:03.553+0000] {logging_mixin.py:188} INFO - [2024-02-05T23:43:03.552+0000] {dag.py:3036} INFO - Sync 1 DAGs
[2024-02-05T23:43:03.601+0000] {logging_mixin.py:188} INFO - [2024-02-05T23:43:03.601+0000] {dag.py:3823} INFO - Setting next_dagrun for poke_dag to 2024-02-05 23:00:00+00:00, run_after=2024-02-06 23:00:00+00:00
[2024-02-05T23:43:03.672+0000] {processor.py:183} INFO - Processing /opt/airflow/dags/poke_dag.py took 0.188 seconds
[2024-02-05T23:43:34.432+0000] {processor.py:161} INFO - Started process (PID=225) to work on /opt/airflow/dags/poke_dag.py
[2024-02-05T23:43:34.433+0000] {processor.py:830} INFO - Processing file /opt/airflow/dags/poke_dag.py for tasks to queue
[2024-02-05T23:43:34.434+0000] {logging_mixin.py:188} INFO - [2024-02-05T23:43:34.433+0000] {dagbag.py:538} INFO - Filling up the DagBag from /opt/airflow/dags/poke_dag.py
[2024-02-05T23:43:34.459+0000] {processor.py:840} INFO - DAG(s) 'poke_dag' retrieved from /opt/airflow/dags/poke_dag.py
[2024-02-05T23:43:34.484+0000] {logging_mixin.py:188} INFO - [2024-02-05T23:43:34.484+0000] {dag.py:3036} INFO - Sync 1 DAGs
[2024-02-05T23:43:34.510+0000] {logging_mixin.py:188} INFO - [2024-02-05T23:43:34.510+0000] {dag.py:3823} INFO - Setting next_dagrun for poke_dag to 2024-02-05 23:00:00+00:00, run_after=2024-02-06 23:00:00+00:00
[2024-02-05T23:43:34.569+0000] {processor.py:183} INFO - Processing /opt/airflow/dags/poke_dag.py took 0.139 seconds
[2024-02-05T23:44:04.655+0000] {processor.py:161} INFO - Started process (PID=227) to work on /opt/airflow/dags/poke_dag.py
[2024-02-05T23:44:04.656+0000] {processor.py:830} INFO - Processing file /opt/airflow/dags/poke_dag.py for tasks to queue
[2024-02-05T23:44:04.657+0000] {logging_mixin.py:188} INFO - [2024-02-05T23:44:04.656+0000] {dagbag.py:538} INFO - Filling up the DagBag from /opt/airflow/dags/poke_dag.py
[2024-02-05T23:44:04.682+0000] {processor.py:840} INFO - DAG(s) 'poke_dag' retrieved from /opt/airflow/dags/poke_dag.py
[2024-02-05T23:44:04.706+0000] {logging_mixin.py:188} INFO - [2024-02-05T23:44:04.706+0000] {dag.py:3036} INFO - Sync 1 DAGs
[2024-02-05T23:44:04.731+0000] {logging_mixin.py:188} INFO - [2024-02-05T23:44:04.731+0000] {dag.py:3823} INFO - Setting next_dagrun for poke_dag to 2024-02-05 23:00:00+00:00, run_after=2024-02-06 23:00:00+00:00
[2024-02-05T23:44:04.797+0000] {processor.py:183} INFO - Processing /opt/airflow/dags/poke_dag.py took 0.144 seconds
[2024-02-05T23:44:35.615+0000] {processor.py:161} INFO - Started process (PID=229) to work on /opt/airflow/dags/poke_dag.py
[2024-02-05T23:44:35.616+0000] {processor.py:830} INFO - Processing file /opt/airflow/dags/poke_dag.py for tasks to queue
[2024-02-05T23:44:35.617+0000] {logging_mixin.py:188} INFO - [2024-02-05T23:44:35.616+0000] {dagbag.py:538} INFO - Filling up the DagBag from /opt/airflow/dags/poke_dag.py
[2024-02-05T23:44:35.640+0000] {processor.py:840} INFO - DAG(s) 'poke_dag' retrieved from /opt/airflow/dags/poke_dag.py
[2024-02-05T23:44:35.666+0000] {logging_mixin.py:188} INFO - [2024-02-05T23:44:35.666+0000] {dag.py:3036} INFO - Sync 1 DAGs
[2024-02-05T23:44:35.690+0000] {logging_mixin.py:188} INFO - [2024-02-05T23:44:35.690+0000] {dag.py:3823} INFO - Setting next_dagrun for poke_dag to 2024-02-05 23:00:00+00:00, run_after=2024-02-06 23:00:00+00:00
[2024-02-05T23:44:35.748+0000] {processor.py:183} INFO - Processing /opt/airflow/dags/poke_dag.py took 0.135 seconds
[2024-02-05T23:45:06.145+0000] {processor.py:161} INFO - Started process (PID=231) to work on /opt/airflow/dags/poke_dag.py
[2024-02-05T23:45:06.146+0000] {processor.py:830} INFO - Processing file /opt/airflow/dags/poke_dag.py for tasks to queue
[2024-02-05T23:45:06.147+0000] {logging_mixin.py:188} INFO - [2024-02-05T23:45:06.147+0000] {dagbag.py:538} INFO - Filling up the DagBag from /opt/airflow/dags/poke_dag.py
[2024-02-05T23:45:06.183+0000] {processor.py:840} INFO - DAG(s) 'poke_dag' retrieved from /opt/airflow/dags/poke_dag.py
[2024-02-05T23:45:06.216+0000] {logging_mixin.py:188} INFO - [2024-02-05T23:45:06.216+0000] {dag.py:3036} INFO - Sync 1 DAGs
[2024-02-05T23:45:06.240+0000] {logging_mixin.py:188} INFO - [2024-02-05T23:45:06.240+0000] {dag.py:3823} INFO - Setting next_dagrun for poke_dag to 2024-02-05 23:00:00+00:00, run_after=2024-02-06 23:00:00+00:00
[2024-02-05T23:45:06.298+0000] {processor.py:183} INFO - Processing /opt/airflow/dags/poke_dag.py took 0.155 seconds
[2024-02-05T23:45:36.832+0000] {processor.py:161} INFO - Started process (PID=233) to work on /opt/airflow/dags/poke_dag.py
[2024-02-05T23:45:36.834+0000] {processor.py:830} INFO - Processing file /opt/airflow/dags/poke_dag.py for tasks to queue
[2024-02-05T23:45:36.835+0000] {logging_mixin.py:188} INFO - [2024-02-05T23:45:36.835+0000] {dagbag.py:538} INFO - Filling up the DagBag from /opt/airflow/dags/poke_dag.py
[2024-02-05T23:45:36.860+0000] {processor.py:840} INFO - DAG(s) 'poke_dag' retrieved from /opt/airflow/dags/poke_dag.py
[2024-02-05T23:45:36.885+0000] {logging_mixin.py:188} INFO - [2024-02-05T23:45:36.884+0000] {dag.py:3036} INFO - Sync 1 DAGs
[2024-02-05T23:45:36.908+0000] {logging_mixin.py:188} INFO - [2024-02-05T23:45:36.908+0000] {dag.py:3823} INFO - Setting next_dagrun for poke_dag to 2024-02-05 23:00:00+00:00, run_after=2024-02-06 23:00:00+00:00
[2024-02-05T23:45:36.960+0000] {processor.py:183} INFO - Processing /opt/airflow/dags/poke_dag.py took 0.130 seconds
[2024-02-05T23:46:07.690+0000] {processor.py:161} INFO - Started process (PID=235) to work on /opt/airflow/dags/poke_dag.py
[2024-02-05T23:46:07.691+0000] {processor.py:830} INFO - Processing file /opt/airflow/dags/poke_dag.py for tasks to queue
[2024-02-05T23:46:07.692+0000] {logging_mixin.py:188} INFO - [2024-02-05T23:46:07.692+0000] {dagbag.py:538} INFO - Filling up the DagBag from /opt/airflow/dags/poke_dag.py
[2024-02-05T23:46:07.716+0000] {processor.py:840} INFO - DAG(s) 'poke_dag' retrieved from /opt/airflow/dags/poke_dag.py
[2024-02-05T23:46:07.741+0000] {logging_mixin.py:188} INFO - [2024-02-05T23:46:07.741+0000] {dag.py:3036} INFO - Sync 1 DAGs
[2024-02-05T23:46:07.766+0000] {logging_mixin.py:188} INFO - [2024-02-05T23:46:07.765+0000] {dag.py:3823} INFO - Setting next_dagrun for poke_dag to 2024-02-05 23:00:00+00:00, run_after=2024-02-06 23:00:00+00:00
[2024-02-05T23:46:07.831+0000] {processor.py:183} INFO - Processing /opt/airflow/dags/poke_dag.py took 0.143 seconds
[2024-02-05T23:46:38.085+0000] {processor.py:161} INFO - Started process (PID=237) to work on /opt/airflow/dags/poke_dag.py
[2024-02-05T23:46:38.086+0000] {processor.py:830} INFO - Processing file /opt/airflow/dags/poke_dag.py for tasks to queue
[2024-02-05T23:46:38.087+0000] {logging_mixin.py:188} INFO - [2024-02-05T23:46:38.087+0000] {dagbag.py:538} INFO - Filling up the DagBag from /opt/airflow/dags/poke_dag.py
[2024-02-05T23:46:38.110+0000] {processor.py:840} INFO - DAG(s) 'poke_dag' retrieved from /opt/airflow/dags/poke_dag.py
[2024-02-05T23:46:38.135+0000] {logging_mixin.py:188} INFO - [2024-02-05T23:46:38.134+0000] {dag.py:3036} INFO - Sync 1 DAGs
[2024-02-05T23:46:38.159+0000] {logging_mixin.py:188} INFO - [2024-02-05T23:46:38.159+0000] {dag.py:3823} INFO - Setting next_dagrun for poke_dag to 2024-02-05 23:00:00+00:00, run_after=2024-02-06 23:00:00+00:00
[2024-02-05T23:46:38.214+0000] {processor.py:183} INFO - Processing /opt/airflow/dags/poke_dag.py took 0.131 seconds
[2024-02-05T23:47:08.484+0000] {processor.py:161} INFO - Started process (PID=239) to work on /opt/airflow/dags/poke_dag.py
[2024-02-05T23:47:08.485+0000] {processor.py:830} INFO - Processing file /opt/airflow/dags/poke_dag.py for tasks to queue
[2024-02-05T23:47:08.486+0000] {logging_mixin.py:188} INFO - [2024-02-05T23:47:08.485+0000] {dagbag.py:538} INFO - Filling up the DagBag from /opt/airflow/dags/poke_dag.py
[2024-02-05T23:47:08.508+0000] {processor.py:840} INFO - DAG(s) 'poke_dag' retrieved from /opt/airflow/dags/poke_dag.py
[2024-02-05T23:47:08.531+0000] {logging_mixin.py:188} INFO - [2024-02-05T23:47:08.531+0000] {dag.py:3036} INFO - Sync 1 DAGs
[2024-02-05T23:47:08.555+0000] {logging_mixin.py:188} INFO - [2024-02-05T23:47:08.555+0000] {dag.py:3823} INFO - Setting next_dagrun for poke_dag to 2024-02-05 23:00:00+00:00, run_after=2024-02-06 23:00:00+00:00
[2024-02-05T23:47:08.614+0000] {processor.py:183} INFO - Processing /opt/airflow/dags/poke_dag.py took 0.132 seconds
[2024-02-05T23:47:38.779+0000] {processor.py:161} INFO - Started process (PID=241) to work on /opt/airflow/dags/poke_dag.py
[2024-02-05T23:47:38.780+0000] {processor.py:830} INFO - Processing file /opt/airflow/dags/poke_dag.py for tasks to queue
[2024-02-05T23:47:38.781+0000] {logging_mixin.py:188} INFO - [2024-02-05T23:47:38.781+0000] {dagbag.py:538} INFO - Filling up the DagBag from /opt/airflow/dags/poke_dag.py
[2024-02-05T23:47:38.810+0000] {processor.py:840} INFO - DAG(s) 'poke_dag' retrieved from /opt/airflow/dags/poke_dag.py
[2024-02-05T23:47:38.840+0000] {logging_mixin.py:188} INFO - [2024-02-05T23:47:38.839+0000] {dag.py:3036} INFO - Sync 1 DAGs
[2024-02-05T23:47:38.867+0000] {logging_mixin.py:188} INFO - [2024-02-05T23:47:38.866+0000] {dag.py:3823} INFO - Setting next_dagrun for poke_dag to 2024-02-05 23:00:00+00:00, run_after=2024-02-06 23:00:00+00:00
[2024-02-05T23:47:38.929+0000] {processor.py:183} INFO - Processing /opt/airflow/dags/poke_dag.py took 0.152 seconds
[2024-02-05T23:48:09.194+0000] {processor.py:161} INFO - Started process (PID=243) to work on /opt/airflow/dags/poke_dag.py
[2024-02-05T23:48:09.195+0000] {processor.py:830} INFO - Processing file /opt/airflow/dags/poke_dag.py for tasks to queue
[2024-02-05T23:48:09.196+0000] {logging_mixin.py:188} INFO - [2024-02-05T23:48:09.196+0000] {dagbag.py:538} INFO - Filling up the DagBag from /opt/airflow/dags/poke_dag.py
[2024-02-05T23:48:09.222+0000] {processor.py:840} INFO - DAG(s) 'poke_dag' retrieved from /opt/airflow/dags/poke_dag.py
[2024-02-05T23:48:09.248+0000] {logging_mixin.py:188} INFO - [2024-02-05T23:48:09.248+0000] {dag.py:3036} INFO - Sync 1 DAGs
[2024-02-05T23:48:09.283+0000] {logging_mixin.py:188} INFO - [2024-02-05T23:48:09.283+0000] {dag.py:3823} INFO - Setting next_dagrun for poke_dag to 2024-02-05 23:00:00+00:00, run_after=2024-02-06 23:00:00+00:00
[2024-02-05T23:48:09.363+0000] {processor.py:183} INFO - Processing /opt/airflow/dags/poke_dag.py took 0.170 seconds
[2024-02-05T23:48:39.602+0000] {processor.py:161} INFO - Started process (PID=245) to work on /opt/airflow/dags/poke_dag.py
[2024-02-05T23:48:39.603+0000] {processor.py:830} INFO - Processing file /opt/airflow/dags/poke_dag.py for tasks to queue
[2024-02-05T23:48:39.604+0000] {logging_mixin.py:188} INFO - [2024-02-05T23:48:39.604+0000] {dagbag.py:538} INFO - Filling up the DagBag from /opt/airflow/dags/poke_dag.py
[2024-02-05T23:48:39.628+0000] {processor.py:840} INFO - DAG(s) 'poke_dag' retrieved from /opt/airflow/dags/poke_dag.py
[2024-02-05T23:48:39.653+0000] {logging_mixin.py:188} INFO - [2024-02-05T23:48:39.652+0000] {dag.py:3036} INFO - Sync 1 DAGs
[2024-02-05T23:48:39.677+0000] {logging_mixin.py:188} INFO - [2024-02-05T23:48:39.676+0000] {dag.py:3823} INFO - Setting next_dagrun for poke_dag to 2024-02-05 23:00:00+00:00, run_after=2024-02-06 23:00:00+00:00
[2024-02-05T23:48:39.739+0000] {processor.py:183} INFO - Processing /opt/airflow/dags/poke_dag.py took 0.138 seconds
[2024-02-05T23:49:09.917+0000] {processor.py:161} INFO - Started process (PID=247) to work on /opt/airflow/dags/poke_dag.py
[2024-02-05T23:49:09.918+0000] {processor.py:830} INFO - Processing file /opt/airflow/dags/poke_dag.py for tasks to queue
[2024-02-05T23:49:09.920+0000] {logging_mixin.py:188} INFO - [2024-02-05T23:49:09.919+0000] {dagbag.py:538} INFO - Filling up the DagBag from /opt/airflow/dags/poke_dag.py
[2024-02-05T23:49:09.962+0000] {processor.py:840} INFO - DAG(s) 'poke_dag' retrieved from /opt/airflow/dags/poke_dag.py
[2024-02-05T23:49:09.990+0000] {logging_mixin.py:188} INFO - [2024-02-05T23:49:09.990+0000] {dag.py:3036} INFO - Sync 1 DAGs
[2024-02-05T23:49:10.017+0000] {logging_mixin.py:188} INFO - [2024-02-05T23:49:10.017+0000] {dag.py:3823} INFO - Setting next_dagrun for poke_dag to 2024-02-05 23:00:00+00:00, run_after=2024-02-06 23:00:00+00:00
[2024-02-05T23:49:10.079+0000] {processor.py:183} INFO - Processing /opt/airflow/dags/poke_dag.py took 0.164 seconds
[2024-02-05T23:49:40.327+0000] {processor.py:161} INFO - Started process (PID=249) to work on /opt/airflow/dags/poke_dag.py
[2024-02-05T23:49:40.328+0000] {processor.py:830} INFO - Processing file /opt/airflow/dags/poke_dag.py for tasks to queue
[2024-02-05T23:49:40.329+0000] {logging_mixin.py:188} INFO - [2024-02-05T23:49:40.329+0000] {dagbag.py:538} INFO - Filling up the DagBag from /opt/airflow/dags/poke_dag.py
[2024-02-05T23:49:40.355+0000] {processor.py:840} INFO - DAG(s) 'poke_dag' retrieved from /opt/airflow/dags/poke_dag.py
[2024-02-05T23:49:40.383+0000] {logging_mixin.py:188} INFO - [2024-02-05T23:49:40.382+0000] {dag.py:3036} INFO - Sync 1 DAGs
[2024-02-05T23:49:40.409+0000] {logging_mixin.py:188} INFO - [2024-02-05T23:49:40.409+0000] {dag.py:3823} INFO - Setting next_dagrun for poke_dag to 2024-02-05 23:00:00+00:00, run_after=2024-02-06 23:00:00+00:00
[2024-02-05T23:49:40.481+0000] {processor.py:183} INFO - Processing /opt/airflow/dags/poke_dag.py took 0.156 seconds
[2024-02-05T23:50:10.686+0000] {processor.py:161} INFO - Started process (PID=251) to work on /opt/airflow/dags/poke_dag.py
[2024-02-05T23:50:10.687+0000] {processor.py:830} INFO - Processing file /opt/airflow/dags/poke_dag.py for tasks to queue
[2024-02-05T23:50:10.688+0000] {logging_mixin.py:188} INFO - [2024-02-05T23:50:10.687+0000] {dagbag.py:538} INFO - Filling up the DagBag from /opt/airflow/dags/poke_dag.py
[2024-02-05T23:50:10.715+0000] {processor.py:840} INFO - DAG(s) 'poke_dag' retrieved from /opt/airflow/dags/poke_dag.py
[2024-02-05T23:50:10.741+0000] {logging_mixin.py:188} INFO - [2024-02-05T23:50:10.741+0000] {dag.py:3036} INFO - Sync 1 DAGs
[2024-02-05T23:50:10.767+0000] {logging_mixin.py:188} INFO - [2024-02-05T23:50:10.767+0000] {dag.py:3823} INFO - Setting next_dagrun for poke_dag to 2024-02-05 23:00:00+00:00, run_after=2024-02-06 23:00:00+00:00
[2024-02-05T23:50:10.831+0000] {processor.py:183} INFO - Processing /opt/airflow/dags/poke_dag.py took 0.147 seconds
[2024-02-05T23:50:41.101+0000] {processor.py:161} INFO - Started process (PID=253) to work on /opt/airflow/dags/poke_dag.py
[2024-02-05T23:50:41.102+0000] {processor.py:830} INFO - Processing file /opt/airflow/dags/poke_dag.py for tasks to queue
[2024-02-05T23:50:41.103+0000] {logging_mixin.py:188} INFO - [2024-02-05T23:50:41.103+0000] {dagbag.py:538} INFO - Filling up the DagBag from /opt/airflow/dags/poke_dag.py
[2024-02-05T23:50:41.127+0000] {processor.py:840} INFO - DAG(s) 'poke_dag' retrieved from /opt/airflow/dags/poke_dag.py
[2024-02-05T23:50:41.154+0000] {logging_mixin.py:188} INFO - [2024-02-05T23:50:41.153+0000] {dag.py:3036} INFO - Sync 1 DAGs
[2024-02-05T23:50:41.180+0000] {logging_mixin.py:188} INFO - [2024-02-05T23:50:41.179+0000] {dag.py:3823} INFO - Setting next_dagrun for poke_dag to 2024-02-05 23:00:00+00:00, run_after=2024-02-06 23:00:00+00:00
[2024-02-05T23:50:41.238+0000] {processor.py:183} INFO - Processing /opt/airflow/dags/poke_dag.py took 0.139 seconds
[2024-02-05T23:51:11.508+0000] {processor.py:161} INFO - Started process (PID=255) to work on /opt/airflow/dags/poke_dag.py
[2024-02-05T23:51:11.509+0000] {processor.py:830} INFO - Processing file /opt/airflow/dags/poke_dag.py for tasks to queue
[2024-02-05T23:51:11.511+0000] {logging_mixin.py:188} INFO - [2024-02-05T23:51:11.510+0000] {dagbag.py:538} INFO - Filling up the DagBag from /opt/airflow/dags/poke_dag.py
[2024-02-05T23:51:11.537+0000] {processor.py:840} INFO - DAG(s) 'poke_dag' retrieved from /opt/airflow/dags/poke_dag.py
[2024-02-05T23:51:11.567+0000] {logging_mixin.py:188} INFO - [2024-02-05T23:51:11.566+0000] {dag.py:3036} INFO - Sync 1 DAGs
[2024-02-05T23:51:11.595+0000] {logging_mixin.py:188} INFO - [2024-02-05T23:51:11.595+0000] {dag.py:3823} INFO - Setting next_dagrun for poke_dag to 2024-02-05 23:00:00+00:00, run_after=2024-02-06 23:00:00+00:00
[2024-02-05T23:51:11.661+0000] {processor.py:183} INFO - Processing /opt/airflow/dags/poke_dag.py took 0.155 seconds
[2024-02-05T23:51:41.909+0000] {processor.py:161} INFO - Started process (PID=257) to work on /opt/airflow/dags/poke_dag.py
[2024-02-05T23:51:41.911+0000] {processor.py:830} INFO - Processing file /opt/airflow/dags/poke_dag.py for tasks to queue
[2024-02-05T23:51:41.912+0000] {logging_mixin.py:188} INFO - [2024-02-05T23:51:41.912+0000] {dagbag.py:538} INFO - Filling up the DagBag from /opt/airflow/dags/poke_dag.py
[2024-02-05T23:51:41.936+0000] {processor.py:840} INFO - DAG(s) 'poke_dag' retrieved from /opt/airflow/dags/poke_dag.py
[2024-02-05T23:51:41.965+0000] {logging_mixin.py:188} INFO - [2024-02-05T23:51:41.964+0000] {dag.py:3036} INFO - Sync 1 DAGs
[2024-02-05T23:51:41.992+0000] {logging_mixin.py:188} INFO - [2024-02-05T23:51:41.991+0000] {dag.py:3823} INFO - Setting next_dagrun for poke_dag to 2024-02-05 23:00:00+00:00, run_after=2024-02-06 23:00:00+00:00
[2024-02-05T23:51:42.051+0000] {processor.py:183} INFO - Processing /opt/airflow/dags/poke_dag.py took 0.143 seconds
[2024-02-05T23:52:12.308+0000] {processor.py:161} INFO - Started process (PID=259) to work on /opt/airflow/dags/poke_dag.py
[2024-02-05T23:52:12.309+0000] {processor.py:830} INFO - Processing file /opt/airflow/dags/poke_dag.py for tasks to queue
[2024-02-05T23:52:12.310+0000] {logging_mixin.py:188} INFO - [2024-02-05T23:52:12.310+0000] {dagbag.py:538} INFO - Filling up the DagBag from /opt/airflow/dags/poke_dag.py
[2024-02-05T23:52:12.337+0000] {processor.py:840} INFO - DAG(s) 'poke_dag' retrieved from /opt/airflow/dags/poke_dag.py
[2024-02-05T23:52:12.365+0000] {logging_mixin.py:188} INFO - [2024-02-05T23:52:12.365+0000] {dag.py:3036} INFO - Sync 1 DAGs
[2024-02-05T23:52:12.392+0000] {logging_mixin.py:188} INFO - [2024-02-05T23:52:12.392+0000] {dag.py:3823} INFO - Setting next_dagrun for poke_dag to 2024-02-05 23:00:00+00:00, run_after=2024-02-06 23:00:00+00:00
[2024-02-05T23:52:12.473+0000] {processor.py:183} INFO - Processing /opt/airflow/dags/poke_dag.py took 0.167 seconds
[2024-02-05T23:52:42.722+0000] {processor.py:161} INFO - Started process (PID=261) to work on /opt/airflow/dags/poke_dag.py
[2024-02-05T23:52:42.723+0000] {processor.py:830} INFO - Processing file /opt/airflow/dags/poke_dag.py for tasks to queue
[2024-02-05T23:52:42.724+0000] {logging_mixin.py:188} INFO - [2024-02-05T23:52:42.723+0000] {dagbag.py:538} INFO - Filling up the DagBag from /opt/airflow/dags/poke_dag.py
[2024-02-05T23:52:42.749+0000] {processor.py:840} INFO - DAG(s) 'poke_dag' retrieved from /opt/airflow/dags/poke_dag.py
[2024-02-05T23:52:42.775+0000] {logging_mixin.py:188} INFO - [2024-02-05T23:52:42.775+0000] {dag.py:3036} INFO - Sync 1 DAGs
[2024-02-05T23:52:42.802+0000] {logging_mixin.py:188} INFO - [2024-02-05T23:52:42.802+0000] {dag.py:3823} INFO - Setting next_dagrun for poke_dag to 2024-02-05 23:00:00+00:00, run_after=2024-02-06 23:00:00+00:00
[2024-02-05T23:52:42.860+0000] {processor.py:183} INFO - Processing /opt/airflow/dags/poke_dag.py took 0.140 seconds
[2024-02-05T23:53:12.970+0000] {processor.py:161} INFO - Started process (PID=263) to work on /opt/airflow/dags/poke_dag.py
[2024-02-05T23:53:12.970+0000] {processor.py:830} INFO - Processing file /opt/airflow/dags/poke_dag.py for tasks to queue
[2024-02-05T23:53:12.971+0000] {logging_mixin.py:188} INFO - [2024-02-05T23:53:12.971+0000] {dagbag.py:538} INFO - Filling up the DagBag from /opt/airflow/dags/poke_dag.py
[2024-02-05T23:53:12.996+0000] {processor.py:840} INFO - DAG(s) 'poke_dag' retrieved from /opt/airflow/dags/poke_dag.py
[2024-02-05T23:53:13.025+0000] {logging_mixin.py:188} INFO - [2024-02-05T23:53:13.025+0000] {dag.py:3036} INFO - Sync 1 DAGs
[2024-02-05T23:53:13.054+0000] {logging_mixin.py:188} INFO - [2024-02-05T23:53:13.053+0000] {dag.py:3823} INFO - Setting next_dagrun for poke_dag to 2024-02-05 23:00:00+00:00, run_after=2024-02-06 23:00:00+00:00
[2024-02-05T23:53:13.117+0000] {processor.py:183} INFO - Processing /opt/airflow/dags/poke_dag.py took 0.149 seconds
[2024-02-05T23:53:43.378+0000] {processor.py:161} INFO - Started process (PID=265) to work on /opt/airflow/dags/poke_dag.py
[2024-02-05T23:53:43.378+0000] {processor.py:830} INFO - Processing file /opt/airflow/dags/poke_dag.py for tasks to queue
[2024-02-05T23:53:43.379+0000] {logging_mixin.py:188} INFO - [2024-02-05T23:53:43.379+0000] {dagbag.py:538} INFO - Filling up the DagBag from /opt/airflow/dags/poke_dag.py
[2024-02-05T23:53:43.404+0000] {processor.py:840} INFO - DAG(s) 'poke_dag' retrieved from /opt/airflow/dags/poke_dag.py
[2024-02-05T23:53:43.429+0000] {logging_mixin.py:188} INFO - [2024-02-05T23:53:43.429+0000] {dag.py:3036} INFO - Sync 1 DAGs
[2024-02-05T23:53:43.455+0000] {logging_mixin.py:188} INFO - [2024-02-05T23:53:43.455+0000] {dag.py:3823} INFO - Setting next_dagrun for poke_dag to 2024-02-05 23:00:00+00:00, run_after=2024-02-06 23:00:00+00:00
[2024-02-05T23:53:43.510+0000] {processor.py:183} INFO - Processing /opt/airflow/dags/poke_dag.py took 0.135 seconds
[2024-02-05T23:54:13.783+0000] {processor.py:161} INFO - Started process (PID=267) to work on /opt/airflow/dags/poke_dag.py
[2024-02-05T23:54:13.784+0000] {processor.py:830} INFO - Processing file /opt/airflow/dags/poke_dag.py for tasks to queue
[2024-02-05T23:54:13.785+0000] {logging_mixin.py:188} INFO - [2024-02-05T23:54:13.785+0000] {dagbag.py:538} INFO - Filling up the DagBag from /opt/airflow/dags/poke_dag.py
[2024-02-05T23:54:13.809+0000] {processor.py:840} INFO - DAG(s) 'poke_dag' retrieved from /opt/airflow/dags/poke_dag.py
[2024-02-05T23:54:13.837+0000] {logging_mixin.py:188} INFO - [2024-02-05T23:54:13.836+0000] {dag.py:3036} INFO - Sync 1 DAGs
[2024-02-05T23:54:13.863+0000] {logging_mixin.py:188} INFO - [2024-02-05T23:54:13.863+0000] {dag.py:3823} INFO - Setting next_dagrun for poke_dag to 2024-02-05 23:00:00+00:00, run_after=2024-02-06 23:00:00+00:00
[2024-02-05T23:54:13.924+0000] {processor.py:183} INFO - Processing /opt/airflow/dags/poke_dag.py took 0.144 seconds
[2024-02-05T23:54:44.001+0000] {processor.py:161} INFO - Started process (PID=269) to work on /opt/airflow/dags/poke_dag.py
[2024-02-05T23:54:44.003+0000] {processor.py:830} INFO - Processing file /opt/airflow/dags/poke_dag.py for tasks to queue
[2024-02-05T23:54:44.004+0000] {logging_mixin.py:188} INFO - [2024-02-05T23:54:44.003+0000] {dagbag.py:538} INFO - Filling up the DagBag from /opt/airflow/dags/poke_dag.py
[2024-02-05T23:54:44.038+0000] {processor.py:840} INFO - DAG(s) 'poke_dag' retrieved from /opt/airflow/dags/poke_dag.py
[2024-02-05T23:54:44.069+0000] {logging_mixin.py:188} INFO - [2024-02-05T23:54:44.069+0000] {dag.py:3036} INFO - Sync 1 DAGs
[2024-02-05T23:54:44.099+0000] {logging_mixin.py:188} INFO - [2024-02-05T23:54:44.099+0000] {dag.py:3823} INFO - Setting next_dagrun for poke_dag to 2024-02-05 23:00:00+00:00, run_after=2024-02-06 23:00:00+00:00
[2024-02-05T23:54:44.166+0000] {processor.py:183} INFO - Processing /opt/airflow/dags/poke_dag.py took 0.168 seconds
[2024-02-05T23:55:14.404+0000] {processor.py:161} INFO - Started process (PID=271) to work on /opt/airflow/dags/poke_dag.py
[2024-02-05T23:55:14.405+0000] {processor.py:830} INFO - Processing file /opt/airflow/dags/poke_dag.py for tasks to queue
[2024-02-05T23:55:14.406+0000] {logging_mixin.py:188} INFO - [2024-02-05T23:55:14.406+0000] {dagbag.py:538} INFO - Filling up the DagBag from /opt/airflow/dags/poke_dag.py
[2024-02-05T23:55:14.432+0000] {processor.py:840} INFO - DAG(s) 'poke_dag' retrieved from /opt/airflow/dags/poke_dag.py
[2024-02-05T23:55:14.460+0000] {logging_mixin.py:188} INFO - [2024-02-05T23:55:14.460+0000] {dag.py:3036} INFO - Sync 1 DAGs
[2024-02-05T23:55:14.485+0000] {logging_mixin.py:188} INFO - [2024-02-05T23:55:14.484+0000] {dag.py:3823} INFO - Setting next_dagrun for poke_dag to 2024-02-05 23:00:00+00:00, run_after=2024-02-06 23:00:00+00:00
[2024-02-05T23:55:14.546+0000] {processor.py:183} INFO - Processing /opt/airflow/dags/poke_dag.py took 0.146 seconds
[2024-02-05T23:55:44.805+0000] {processor.py:161} INFO - Started process (PID=273) to work on /opt/airflow/dags/poke_dag.py
[2024-02-05T23:55:44.806+0000] {processor.py:830} INFO - Processing file /opt/airflow/dags/poke_dag.py for tasks to queue
[2024-02-05T23:55:44.806+0000] {logging_mixin.py:188} INFO - [2024-02-05T23:55:44.806+0000] {dagbag.py:538} INFO - Filling up the DagBag from /opt/airflow/dags/poke_dag.py
[2024-02-05T23:55:44.834+0000] {processor.py:840} INFO - DAG(s) 'poke_dag' retrieved from /opt/airflow/dags/poke_dag.py
[2024-02-05T23:55:44.860+0000] {logging_mixin.py:188} INFO - [2024-02-05T23:55:44.860+0000] {dag.py:3036} INFO - Sync 1 DAGs
[2024-02-05T23:55:44.887+0000] {logging_mixin.py:188} INFO - [2024-02-05T23:55:44.886+0000] {dag.py:3823} INFO - Setting next_dagrun for poke_dag to 2024-02-05 23:00:00+00:00, run_after=2024-02-06 23:00:00+00:00
[2024-02-05T23:55:44.946+0000] {processor.py:183} INFO - Processing /opt/airflow/dags/poke_dag.py took 0.146 seconds
[2024-02-05T23:56:15.207+0000] {processor.py:161} INFO - Started process (PID=275) to work on /opt/airflow/dags/poke_dag.py
[2024-02-05T23:56:15.208+0000] {processor.py:830} INFO - Processing file /opt/airflow/dags/poke_dag.py for tasks to queue
[2024-02-05T23:56:15.209+0000] {logging_mixin.py:188} INFO - [2024-02-05T23:56:15.209+0000] {dagbag.py:538} INFO - Filling up the DagBag from /opt/airflow/dags/poke_dag.py
[2024-02-05T23:56:15.234+0000] {processor.py:840} INFO - DAG(s) 'poke_dag' retrieved from /opt/airflow/dags/poke_dag.py
[2024-02-05T23:56:15.261+0000] {logging_mixin.py:188} INFO - [2024-02-05T23:56:15.261+0000] {dag.py:3036} INFO - Sync 1 DAGs
[2024-02-05T23:56:15.288+0000] {logging_mixin.py:188} INFO - [2024-02-05T23:56:15.287+0000] {dag.py:3823} INFO - Setting next_dagrun for poke_dag to 2024-02-05 23:00:00+00:00, run_after=2024-02-06 23:00:00+00:00
[2024-02-05T23:56:15.359+0000] {processor.py:183} INFO - Processing /opt/airflow/dags/poke_dag.py took 0.154 seconds
[2024-02-05T23:56:45.604+0000] {processor.py:161} INFO - Started process (PID=277) to work on /opt/airflow/dags/poke_dag.py
[2024-02-05T23:56:45.605+0000] {processor.py:830} INFO - Processing file /opt/airflow/dags/poke_dag.py for tasks to queue
[2024-02-05T23:56:45.606+0000] {logging_mixin.py:188} INFO - [2024-02-05T23:56:45.606+0000] {dagbag.py:538} INFO - Filling up the DagBag from /opt/airflow/dags/poke_dag.py
[2024-02-05T23:56:45.632+0000] {processor.py:840} INFO - DAG(s) 'poke_dag' retrieved from /opt/airflow/dags/poke_dag.py
[2024-02-05T23:56:45.659+0000] {logging_mixin.py:188} INFO - [2024-02-05T23:56:45.658+0000] {dag.py:3036} INFO - Sync 1 DAGs
[2024-02-05T23:56:45.685+0000] {logging_mixin.py:188} INFO - [2024-02-05T23:56:45.685+0000] {dag.py:3823} INFO - Setting next_dagrun for poke_dag to 2024-02-05 23:00:00+00:00, run_after=2024-02-06 23:00:00+00:00
[2024-02-05T23:56:45.750+0000] {processor.py:183} INFO - Processing /opt/airflow/dags/poke_dag.py took 0.148 seconds
[2024-02-05T23:57:16.011+0000] {processor.py:161} INFO - Started process (PID=279) to work on /opt/airflow/dags/poke_dag.py
[2024-02-05T23:57:16.012+0000] {processor.py:830} INFO - Processing file /opt/airflow/dags/poke_dag.py for tasks to queue
[2024-02-05T23:57:16.013+0000] {logging_mixin.py:188} INFO - [2024-02-05T23:57:16.012+0000] {dagbag.py:538} INFO - Filling up the DagBag from /opt/airflow/dags/poke_dag.py
[2024-02-05T23:57:16.038+0000] {processor.py:840} INFO - DAG(s) 'poke_dag' retrieved from /opt/airflow/dags/poke_dag.py
[2024-02-05T23:57:16.066+0000] {logging_mixin.py:188} INFO - [2024-02-05T23:57:16.066+0000] {dag.py:3036} INFO - Sync 1 DAGs
[2024-02-05T23:57:16.090+0000] {logging_mixin.py:188} INFO - [2024-02-05T23:57:16.090+0000] {dag.py:3823} INFO - Setting next_dagrun for poke_dag to 2024-02-05 23:00:00+00:00, run_after=2024-02-06 23:00:00+00:00
[2024-02-05T23:57:16.153+0000] {processor.py:183} INFO - Processing /opt/airflow/dags/poke_dag.py took 0.144 seconds
[2024-02-05T23:57:46.418+0000] {processor.py:161} INFO - Started process (PID=281) to work on /opt/airflow/dags/poke_dag.py
[2024-02-05T23:57:46.419+0000] {processor.py:830} INFO - Processing file /opt/airflow/dags/poke_dag.py for tasks to queue
[2024-02-05T23:57:46.420+0000] {logging_mixin.py:188} INFO - [2024-02-05T23:57:46.420+0000] {dagbag.py:538} INFO - Filling up the DagBag from /opt/airflow/dags/poke_dag.py
[2024-02-05T23:57:46.447+0000] {processor.py:840} INFO - DAG(s) 'poke_dag' retrieved from /opt/airflow/dags/poke_dag.py
[2024-02-05T23:57:46.474+0000] {logging_mixin.py:188} INFO - [2024-02-05T23:57:46.474+0000] {dag.py:3036} INFO - Sync 1 DAGs
[2024-02-05T23:57:46.501+0000] {logging_mixin.py:188} INFO - [2024-02-05T23:57:46.501+0000] {dag.py:3823} INFO - Setting next_dagrun for poke_dag to 2024-02-05 23:00:00+00:00, run_after=2024-02-06 23:00:00+00:00
[2024-02-05T23:57:46.565+0000] {processor.py:183} INFO - Processing /opt/airflow/dags/poke_dag.py took 0.149 seconds
[2024-02-05T23:58:16.804+0000] {processor.py:161} INFO - Started process (PID=283) to work on /opt/airflow/dags/poke_dag.py
[2024-02-05T23:58:16.805+0000] {processor.py:830} INFO - Processing file /opt/airflow/dags/poke_dag.py for tasks to queue
[2024-02-05T23:58:16.806+0000] {logging_mixin.py:188} INFO - [2024-02-05T23:58:16.806+0000] {dagbag.py:538} INFO - Filling up the DagBag from /opt/airflow/dags/poke_dag.py
[2024-02-05T23:58:16.830+0000] {processor.py:840} INFO - DAG(s) 'poke_dag' retrieved from /opt/airflow/dags/poke_dag.py
[2024-02-05T23:58:16.857+0000] {logging_mixin.py:188} INFO - [2024-02-05T23:58:16.856+0000] {dag.py:3036} INFO - Sync 1 DAGs
[2024-02-05T23:58:16.883+0000] {logging_mixin.py:188} INFO - [2024-02-05T23:58:16.882+0000] {dag.py:3823} INFO - Setting next_dagrun for poke_dag to 2024-02-05 23:00:00+00:00, run_after=2024-02-06 23:00:00+00:00
[2024-02-05T23:58:16.946+0000] {processor.py:183} INFO - Processing /opt/airflow/dags/poke_dag.py took 0.143 seconds
[2024-02-05T23:58:47.214+0000] {processor.py:161} INFO - Started process (PID=285) to work on /opt/airflow/dags/poke_dag.py
[2024-02-05T23:58:47.215+0000] {processor.py:830} INFO - Processing file /opt/airflow/dags/poke_dag.py for tasks to queue
[2024-02-05T23:58:47.217+0000] {logging_mixin.py:188} INFO - [2024-02-05T23:58:47.216+0000] {dagbag.py:538} INFO - Filling up the DagBag from /opt/airflow/dags/poke_dag.py
[2024-02-05T23:58:47.242+0000] {processor.py:840} INFO - DAG(s) 'poke_dag' retrieved from /opt/airflow/dags/poke_dag.py
[2024-02-05T23:58:47.271+0000] {logging_mixin.py:188} INFO - [2024-02-05T23:58:47.270+0000] {dag.py:3036} INFO - Sync 1 DAGs
[2024-02-05T23:58:47.297+0000] {logging_mixin.py:188} INFO - [2024-02-05T23:58:47.297+0000] {dag.py:3823} INFO - Setting next_dagrun for poke_dag to 2024-02-05 23:00:00+00:00, run_after=2024-02-06 23:00:00+00:00
[2024-02-05T23:58:47.359+0000] {processor.py:183} INFO - Processing /opt/airflow/dags/poke_dag.py took 0.146 seconds
[2024-02-05T23:59:17.624+0000] {processor.py:161} INFO - Started process (PID=287) to work on /opt/airflow/dags/poke_dag.py
[2024-02-05T23:59:17.625+0000] {processor.py:830} INFO - Processing file /opt/airflow/dags/poke_dag.py for tasks to queue
[2024-02-05T23:59:17.626+0000] {logging_mixin.py:188} INFO - [2024-02-05T23:59:17.625+0000] {dagbag.py:538} INFO - Filling up the DagBag from /opt/airflow/dags/poke_dag.py
[2024-02-05T23:59:17.653+0000] {processor.py:840} INFO - DAG(s) 'poke_dag' retrieved from /opt/airflow/dags/poke_dag.py
[2024-02-05T23:59:17.679+0000] {logging_mixin.py:188} INFO - [2024-02-05T23:59:17.679+0000] {dag.py:3036} INFO - Sync 1 DAGs
[2024-02-05T23:59:17.705+0000] {logging_mixin.py:188} INFO - [2024-02-05T23:59:17.705+0000] {dag.py:3823} INFO - Setting next_dagrun for poke_dag to 2024-02-05 23:00:00+00:00, run_after=2024-02-06 23:00:00+00:00
[2024-02-05T23:59:17.768+0000] {processor.py:183} INFO - Processing /opt/airflow/dags/poke_dag.py took 0.146 seconds
[2024-02-05T23:59:48.027+0000] {processor.py:161} INFO - Started process (PID=289) to work on /opt/airflow/dags/poke_dag.py
[2024-02-05T23:59:48.029+0000] {processor.py:830} INFO - Processing file /opt/airflow/dags/poke_dag.py for tasks to queue
[2024-02-05T23:59:48.030+0000] {logging_mixin.py:188} INFO - [2024-02-05T23:59:48.030+0000] {dagbag.py:538} INFO - Filling up the DagBag from /opt/airflow/dags/poke_dag.py
[2024-02-05T23:59:48.053+0000] {processor.py:840} INFO - DAG(s) 'poke_dag' retrieved from /opt/airflow/dags/poke_dag.py
[2024-02-05T23:59:48.081+0000] {logging_mixin.py:188} INFO - [2024-02-05T23:59:48.081+0000] {dag.py:3036} INFO - Sync 1 DAGs
[2024-02-05T23:59:48.108+0000] {logging_mixin.py:188} INFO - [2024-02-05T23:59:48.108+0000] {dag.py:3823} INFO - Setting next_dagrun for poke_dag to 2024-02-05 23:00:00+00:00, run_after=2024-02-06 23:00:00+00:00
[2024-02-05T23:59:48.170+0000] {processor.py:183} INFO - Processing /opt/airflow/dags/poke_dag.py took 0.145 seconds
