[2024-02-06T02:09:54.099+0000] {taskinstance.py:1956} INFO - Dependencies all met for dep_context=non-requeueable deps ti=<TaskInstance: poke_dag.print_random_quote manual__2024-02-06T02:09:43.166002+00:00 [queued]>
[2024-02-06T02:09:54.115+0000] {taskinstance.py:1956} INFO - Dependencies all met for dep_context=requeueable deps ti=<TaskInstance: poke_dag.print_random_quote manual__2024-02-06T02:09:43.166002+00:00 [queued]>
[2024-02-06T02:09:54.116+0000] {taskinstance.py:2170} INFO - Starting attempt 1 of 1
[2024-02-06T02:09:54.148+0000] {taskinstance.py:2191} INFO - Executing <Task(PythonOperator): print_random_quote> on 2024-02-06 02:09:43.166002+00:00
[2024-02-06T02:09:54.152+0000] {standard_task_runner.py:60} INFO - Started process 1015 to run task
[2024-02-06T02:09:54.154+0000] {standard_task_runner.py:87} INFO - Running: ['airflow', 'tasks', 'run', 'poke_dag', 'print_random_quote', 'manual__2024-02-06T02:09:43.166002+00:00', '--job-id', '55', '--raw', '--subdir', 'DAGS_FOLDER/poke_dag.py', '--cfg-path', '/tmp/tmp26e7qp9u']
[2024-02-06T02:09:54.156+0000] {standard_task_runner.py:88} INFO - Job 55: Subtask print_random_quote
[2024-02-06T02:09:54.219+0000] {task_command.py:423} INFO - Running <TaskInstance: poke_dag.print_random_quote manual__2024-02-06T02:09:43.166002+00:00 [running]> on host 86f40dfcaade
[2024-02-06T02:09:54.332+0000] {taskinstance.py:2480} INFO - Exporting env vars: AIRFLOW_CTX_DAG_OWNER='airflow' AIRFLOW_CTX_DAG_ID='poke_dag' AIRFLOW_CTX_TASK_ID='print_random_quote' AIRFLOW_CTX_EXECUTION_DATE='2024-02-06T02:09:43.166002+00:00' AIRFLOW_CTX_TRY_NUMBER='1' AIRFLOW_CTX_DAG_RUN_ID='manual__2024-02-06T02:09:43.166002+00:00'
[2024-02-06T02:09:54.644+0000] {poke_dag.py:26} INFO - Pokemon Name: rhyhorn
[2024-02-06T02:09:54.645+0000] {poke_dag.py:28} INFO - Pokemon Order: 176
[2024-02-06T02:09:54.645+0000] {poke_dag.py:30} INFO - Abilities:
[2024-02-06T02:09:54.646+0000] {poke_dag.py:33} INFO - - lightning-rod
[2024-02-06T02:09:54.646+0000] {poke_dag.py:33} INFO - - rock-head
[2024-02-06T02:09:54.647+0000] {poke_dag.py:33} INFO - - reckless
[2024-02-06T02:09:54.648+0000] {poke_dag.py:35} INFO - Types:
[2024-02-06T02:09:54.648+0000] {poke_dag.py:37} INFO - -ground
[2024-02-06T02:09:54.649+0000] {poke_dag.py:37} INFO - -rock
[2024-02-06T02:09:54.651+0000] {python.py:201} INFO - Done. Returned value was: None
[2024-02-06T02:09:54.664+0000] {taskinstance.py:1138} INFO - Marking task as SUCCESS. dag_id=poke_dag, task_id=print_random_quote, execution_date=20240206T020943, start_date=20240206T020954, end_date=20240206T020954
[2024-02-06T02:09:54.730+0000] {local_task_job_runner.py:234} INFO - Task exited with return code 0
[2024-02-06T02:09:54.752+0000] {taskinstance.py:3280} INFO - 0 downstream tasks scheduled from follow-on schedule check
