[2024-02-06T01:32:58.855+0000] {taskinstance.py:1956} INFO - Dependencies all met for dep_context=non-requeueable deps ti=<TaskInstance: poke_dag.print_random_quote manual__2024-02-06T01:32:48.239189+00:00 [queued]>
[2024-02-06T01:32:58.868+0000] {taskinstance.py:1956} INFO - Dependencies all met for dep_context=requeueable deps ti=<TaskInstance: poke_dag.print_random_quote manual__2024-02-06T01:32:48.239189+00:00 [queued]>
[2024-02-06T01:32:58.869+0000] {taskinstance.py:2170} INFO - Starting attempt 1 of 1
[2024-02-06T01:32:58.900+0000] {taskinstance.py:2191} INFO - Executing <Task(PythonOperator): print_random_quote> on 2024-02-06 01:32:48.239189+00:00
[2024-02-06T01:32:58.903+0000] {standard_task_runner.py:60} INFO - Started process 827 to run task
[2024-02-06T01:32:58.905+0000] {standard_task_runner.py:87} INFO - Running: ['airflow', 'tasks', 'run', 'poke_dag', 'print_random_quote', 'manual__2024-02-06T01:32:48.239189+00:00', '--job-id', '52', '--raw', '--subdir', 'DAGS_FOLDER/poke_dag.py', '--cfg-path', '/tmp/tmpc3h_7aos']
[2024-02-06T01:32:58.907+0000] {standard_task_runner.py:88} INFO - Job 52: Subtask print_random_quote
[2024-02-06T01:32:58.977+0000] {task_command.py:423} INFO - Running <TaskInstance: poke_dag.print_random_quote manual__2024-02-06T01:32:48.239189+00:00 [running]> on host 86f40dfcaade
[2024-02-06T01:32:59.089+0000] {taskinstance.py:2480} INFO - Exporting env vars: AIRFLOW_CTX_DAG_OWNER='airflow' AIRFLOW_CTX_DAG_ID='poke_dag' AIRFLOW_CTX_TASK_ID='print_random_quote' AIRFLOW_CTX_EXECUTION_DATE='2024-02-06T01:32:48.239189+00:00' AIRFLOW_CTX_TRY_NUMBER='1' AIRFLOW_CTX_DAG_RUN_ID='manual__2024-02-06T01:32:48.239189+00:00'
[2024-02-06T01:32:59.309+0000] {logging_mixin.py:188} INFO - Pokemon Name: rhyhorn
[2024-02-06T01:32:59.310+0000] {logging_mixin.py:188} INFO - Pokemon Order: 176
[2024-02-06T01:32:59.311+0000] {logging_mixin.py:188} INFO - Abilities:
[2024-02-06T01:32:59.311+0000] {logging_mixin.py:188} INFO - - lightning-rod
[2024-02-06T01:32:59.312+0000] {logging_mixin.py:188} INFO - - rock-head
[2024-02-06T01:32:59.312+0000] {logging_mixin.py:188} INFO - - reckless
[2024-02-06T01:32:59.312+0000] {logging_mixin.py:188} INFO - Types:
[2024-02-06T01:32:59.313+0000] {logging_mixin.py:188} INFO - -ground
[2024-02-06T01:32:59.313+0000] {logging_mixin.py:188} INFO - -rock
[2024-02-06T01:32:59.315+0000] {python.py:201} INFO - Done. Returned value was: None
[2024-02-06T01:32:59.329+0000] {taskinstance.py:1138} INFO - Marking task as SUCCESS. dag_id=poke_dag, task_id=print_random_quote, execution_date=20240206T013248, start_date=20240206T013258, end_date=20240206T013259
[2024-02-06T01:32:59.400+0000] {local_task_job_runner.py:234} INFO - Task exited with return code 0
[2024-02-06T01:32:59.420+0000] {taskinstance.py:3280} INFO - 0 downstream tasks scheduled from follow-on schedule check
